12:49:43.587 c.e.n.c.p.r.PdtbParser ERROR [main:62] - File resources/pdtb-parser/temp does not exists. 
12:50:41.055 s.e.n.c.p.u.NestedProperties INFO  [main:52] - Loading properties from: config.properties
12:50:41.061 s.e.n.c.p.u.NestedProperties INFO  [main:66] - PROD_RULES_FILE : aux_data/prod_rules.txt
12:50:41.061 s.e.n.c.p.u.NestedProperties INFO  [main:66] - DEP_RULES_FILE : aux_data/dep_rules.txt
12:50:41.061 s.e.n.c.p.u.NestedProperties INFO  [main:66] - MODEL_PATH : models/level_1/
12:50:41.061 s.e.n.c.p.u.NestedProperties INFO  [main:66] - OUTPUT_FOLDER_NAME : output/
12:50:41.062 s.e.n.c.p.u.NestedProperties INFO  [main:66] - WORD_PAIRS_FILE : aux_data/word_pair.txt
12:50:41.062 s.e.n.c.p.u.NestedProperties INFO  [main:66] - STANFORD_MODEL : aux_data/englishPCFG.ser.gz
12:50:41.062 s.e.n.c.p.u.NestedProperties INFO  [main:66] - SEMANTIC_LEVEL : 1
12:50:41.062 s.e.n.c.p.u.NestedProperties INFO  [main:69] - Done loading properties.
12:50:41.063 c.e.n.c.p.r.PdtbParser INFO  [main:76] - Working in temp
12:50:41.063 c.e.n.c.p.r.PdtbParser INFO  [main:102] - 
12:50:41.065 c.e.n.c.p.r.PdtbParser INFO  [main:103] - Files to process 0/5 - 0.00%
12:50:41.065 c.e.n.c.p.r.PdtbParser INFO  [main:109] - Parsing file: temp/4.txt
12:50:41.072 s.e.n.c.p.u.Corpus INFO  [main:945] - Generating parse and dependecy trees with Stanford parser...
12:50:41.579 s.e.n.c.p.u.Corpus INFO  [main:951] - Generating tree for: 4.txt
12:50:41.649 s.e.n.c.p.u.Corpus INFO  [main:963] - Parsing line:0
12:50:41.960 s.e.n.c.p.u.Corpus INFO  [main:976] - Tree generation for 4.txt is done. Trees are in /Users/liam/projects/discourse_simp/resources/pdtb-parser/temp/output/4.txt
12:50:41.962 s.e.n.c.p.r.SpanTreeExtractor INFO  [main:144] - Generating the spans of each node in the parse trees.
12:50:41.968 s.e.n.c.p.r.SpanTreeExtractor INFO  [main:189] - Done.
12:50:41.968 c.e.n.c.p.r.PdtbParser INFO  [main:120] - Running the PDTB parser
12:50:41.969 c.e.n.c.p.r.PdtbParser INFO  [main:122] - Running connective classifier...
12:50:42.259 c.e.n.c.p.r.PdtbParser INFO  [main:124] - Done.
12:50:42.259 c.e.n.c.p.r.PdtbParser INFO  [main:126] - Running argument position classifier...
12:50:42.306 c.e.n.c.p.r.PdtbParser INFO  [main:128] - Done.
12:50:42.309 c.e.n.c.p.r.PdtbParser INFO  [main:130] - Running argument extractor classifier...
12:50:42.440 c.e.n.c.p.r.PdtbParser INFO  [main:133] - Done.
12:50:42.441 c.e.n.c.p.r.PdtbParser INFO  [main:135] - Running Explicit classifier...
12:50:42.454 c.e.n.c.p.r.PdtbParser INFO  [main:138] - Done.
12:50:42.468 c.e.n.c.p.r.PdtbParser INFO  [main:140] - Running NonExplicit classifier...
12:50:42.493 c.e.n.c.p.r.PdtbParser INFO  [main:143] - Done with everything. The PDTB relations for the file are in: /Users/liam/projects/discourse_simp/resources/pdtb-parser/temp/output/4.txt.pipe
12:50:42.494 c.e.n.c.p.r.PdtbParser INFO  [main:112] - Done 20.00%
12:50:42.494 c.e.n.c.p.r.PdtbParser INFO  [main:109] - Parsing file: temp/3.txt
12:50:42.494 s.e.n.c.p.u.Corpus INFO  [main:945] - Generating parse and dependecy trees with Stanford parser...
12:50:42.740 s.e.n.c.p.u.Corpus INFO  [main:951] - Generating tree for: 3.txt
12:50:42.743 s.e.n.c.p.u.Corpus INFO  [main:963] - Parsing line:0
12:50:42.830 s.e.n.c.p.u.Corpus INFO  [main:976] - Tree generation for 3.txt is done. Trees are in /Users/liam/projects/discourse_simp/resources/pdtb-parser/temp/output/3.txt
12:50:42.830 s.e.n.c.p.r.SpanTreeExtractor INFO  [main:144] - Generating the spans of each node in the parse trees.
12:50:42.831 s.e.n.c.p.r.SpanTreeExtractor INFO  [main:189] - Done.
12:50:42.831 c.e.n.c.p.r.PdtbParser INFO  [main:120] - Running the PDTB parser
12:50:42.831 c.e.n.c.p.r.PdtbParser INFO  [main:122] - Running connective classifier...
12:50:42.882 c.e.n.c.p.r.PdtbParser INFO  [main:124] - Done.
12:50:42.882 c.e.n.c.p.r.PdtbParser INFO  [main:126] - Running argument position classifier...
12:50:42.926 c.e.n.c.p.r.PdtbParser INFO  [main:128] - Done.
12:50:42.927 c.e.n.c.p.r.PdtbParser INFO  [main:130] - Running argument extractor classifier...
12:50:43.007 c.e.n.c.p.r.PdtbParser INFO  [main:133] - Done.
12:50:43.008 c.e.n.c.p.r.PdtbParser INFO  [main:135] - Running Explicit classifier...
12:50:43.019 c.e.n.c.p.r.PdtbParser INFO  [main:138] - Done.
12:50:43.024 c.e.n.c.p.r.PdtbParser INFO  [main:140] - Running NonExplicit classifier...
12:50:43.058 c.e.n.c.p.r.PdtbParser INFO  [main:143] - Done with everything. The PDTB relations for the file are in: /Users/liam/projects/discourse_simp/resources/pdtb-parser/temp/output/3.txt.pipe
12:50:43.060 c.e.n.c.p.r.PdtbParser INFO  [main:112] - Done 40.00%
12:50:43.060 c.e.n.c.p.r.PdtbParser INFO  [main:109] - Parsing file: temp/2.txt
12:50:43.060 s.e.n.c.p.u.Corpus INFO  [main:945] - Generating parse and dependecy trees with Stanford parser...
12:50:43.411 s.e.n.c.p.u.Corpus INFO  [main:951] - Generating tree for: 2.txt
12:50:43.412 s.e.n.c.p.u.Corpus INFO  [main:963] - Parsing line:0
12:50:43.455 s.e.n.c.p.u.Corpus INFO  [main:976] - Tree generation for 2.txt is done. Trees are in /Users/liam/projects/discourse_simp/resources/pdtb-parser/temp/output/2.txt
12:50:43.455 s.e.n.c.p.r.SpanTreeExtractor INFO  [main:144] - Generating the spans of each node in the parse trees.
12:50:43.457 s.e.n.c.p.r.SpanTreeExtractor INFO  [main:189] - Done.
12:50:43.457 c.e.n.c.p.r.PdtbParser INFO  [main:120] - Running the PDTB parser
12:50:43.458 c.e.n.c.p.r.PdtbParser INFO  [main:122] - Running connective classifier...
12:50:43.532 c.e.n.c.p.r.PdtbParser INFO  [main:124] - Done.
12:50:43.533 c.e.n.c.p.r.PdtbParser INFO  [main:126] - Running argument position classifier...
12:50:43.560 c.e.n.c.p.r.PdtbParser INFO  [main:128] - Done.
12:50:43.561 c.e.n.c.p.r.PdtbParser INFO  [main:130] - Running argument extractor classifier...
12:50:43.693 c.e.n.c.p.r.PdtbParser INFO  [main:133] - Done.
12:50:43.694 c.e.n.c.p.r.PdtbParser INFO  [main:135] - Running Explicit classifier...
12:50:43.704 c.e.n.c.p.r.PdtbParser INFO  [main:138] - Done.
12:50:43.710 c.e.n.c.p.r.PdtbParser INFO  [main:140] - Running NonExplicit classifier...
12:50:43.730 c.e.n.c.p.r.PdtbParser INFO  [main:143] - Done with everything. The PDTB relations for the file are in: /Users/liam/projects/discourse_simp/resources/pdtb-parser/temp/output/2.txt.pipe
12:50:43.731 c.e.n.c.p.r.PdtbParser INFO  [main:112] - Done 60.00%
12:50:43.732 c.e.n.c.p.r.PdtbParser INFO  [main:109] - Parsing file: temp/0.txt
12:50:43.732 s.e.n.c.p.u.Corpus INFO  [main:945] - Generating parse and dependecy trees with Stanford parser...
12:50:44.007 s.e.n.c.p.u.Corpus INFO  [main:951] - Generating tree for: 0.txt
12:50:44.008 s.e.n.c.p.u.Corpus INFO  [main:963] - Parsing line:0
12:50:44.038 s.e.n.c.p.u.Corpus INFO  [main:976] - Tree generation for 0.txt is done. Trees are in /Users/liam/projects/discourse_simp/resources/pdtb-parser/temp/output/0.txt
12:50:44.038 s.e.n.c.p.r.SpanTreeExtractor INFO  [main:144] - Generating the spans of each node in the parse trees.
12:50:44.039 s.e.n.c.p.r.SpanTreeExtractor INFO  [main:189] - Done.
12:50:44.039 c.e.n.c.p.r.PdtbParser INFO  [main:120] - Running the PDTB parser
12:50:44.039 c.e.n.c.p.r.PdtbParser INFO  [main:122] - Running connective classifier...
12:50:44.084 c.e.n.c.p.r.PdtbParser INFO  [main:124] - Done.
12:50:44.085 c.e.n.c.p.r.PdtbParser INFO  [main:126] - Running argument position classifier...
12:50:44.097 c.e.n.c.p.r.PdtbParser INFO  [main:128] - Done.
12:50:44.097 c.e.n.c.p.r.PdtbParser INFO  [main:130] - Running argument extractor classifier...
12:50:44.178 c.e.n.c.p.r.PdtbParser INFO  [main:133] - Done.
12:50:44.179 c.e.n.c.p.r.PdtbParser INFO  [main:135] - Running Explicit classifier...
12:50:44.187 c.e.n.c.p.r.PdtbParser INFO  [main:138] - Done.
12:50:44.190 c.e.n.c.p.r.PdtbParser INFO  [main:140] - Running NonExplicit classifier...
12:50:44.210 c.e.n.c.p.r.PdtbParser INFO  [main:143] - Done with everything. The PDTB relations for the file are in: /Users/liam/projects/discourse_simp/resources/pdtb-parser/temp/output/0.txt.pipe
12:50:44.211 c.e.n.c.p.r.PdtbParser INFO  [main:112] - Done 80.00%
12:50:44.211 c.e.n.c.p.r.PdtbParser INFO  [main:109] - Parsing file: temp/1.txt
12:50:44.211 s.e.n.c.p.u.Corpus INFO  [main:945] - Generating parse and dependecy trees with Stanford parser...
12:50:44.401 s.e.n.c.p.u.Corpus INFO  [main:951] - Generating tree for: 1.txt
12:50:44.402 s.e.n.c.p.u.Corpus INFO  [main:963] - Parsing line:0
12:50:44.608 s.e.n.c.p.u.Corpus INFO  [main:976] - Tree generation for 1.txt is done. Trees are in /Users/liam/projects/discourse_simp/resources/pdtb-parser/temp/output/1.txt
12:50:44.608 s.e.n.c.p.r.SpanTreeExtractor INFO  [main:144] - Generating the spans of each node in the parse trees.
12:50:44.610 s.e.n.c.p.r.SpanTreeExtractor INFO  [main:189] - Done.
12:50:44.610 c.e.n.c.p.r.PdtbParser INFO  [main:120] - Running the PDTB parser
12:50:44.610 c.e.n.c.p.r.PdtbParser INFO  [main:122] - Running connective classifier...
12:50:44.650 c.e.n.c.p.r.PdtbParser INFO  [main:124] - Done.
12:50:44.650 c.e.n.c.p.r.PdtbParser INFO  [main:126] - Running argument position classifier...
12:50:44.665 c.e.n.c.p.r.PdtbParser INFO  [main:128] - Done.
12:50:44.666 c.e.n.c.p.r.PdtbParser INFO  [main:130] - Running argument extractor classifier...
12:50:44.721 c.e.n.c.p.r.PdtbParser INFO  [main:133] - Done.
12:50:44.721 c.e.n.c.p.r.PdtbParser INFO  [main:135] - Running Explicit classifier...
12:50:44.729 c.e.n.c.p.r.PdtbParser INFO  [main:138] - Done.
12:50:44.731 c.e.n.c.p.r.PdtbParser INFO  [main:140] - Running NonExplicit classifier...
12:50:44.745 c.e.n.c.p.r.PdtbParser INFO  [main:143] - Done with everything. The PDTB relations for the file are in: /Users/liam/projects/discourse_simp/resources/pdtb-parser/temp/output/1.txt.pipe
12:50:44.745 c.e.n.c.p.r.PdtbParser INFO  [main:112] - Done 100.00%
13:12:02.347 s.e.n.c.p.u.NestedProperties INFO  [main:52] - Loading properties from: config.properties
13:12:02.353 s.e.n.c.p.u.NestedProperties INFO  [main:66] - PROD_RULES_FILE : aux_data/prod_rules.txt
13:12:02.353 s.e.n.c.p.u.NestedProperties INFO  [main:66] - DEP_RULES_FILE : aux_data/dep_rules.txt
13:12:02.354 s.e.n.c.p.u.NestedProperties INFO  [main:66] - MODEL_PATH : models/level_1/
13:12:02.354 s.e.n.c.p.u.NestedProperties INFO  [main:66] - OUTPUT_FOLDER_NAME : output/
13:12:02.354 s.e.n.c.p.u.NestedProperties INFO  [main:66] - WORD_PAIRS_FILE : aux_data/word_pair.txt
13:12:02.354 s.e.n.c.p.u.NestedProperties INFO  [main:66] - STANFORD_MODEL : aux_data/englishPCFG.ser.gz
13:12:02.355 s.e.n.c.p.u.NestedProperties INFO  [main:66] - SEMANTIC_LEVEL : 1
13:12:02.355 s.e.n.c.p.u.NestedProperties INFO  [main:69] - Done loading properties.
13:12:02.355 c.e.n.c.p.r.PdtbParser INFO  [main:76] - Working in temp
13:12:02.356 c.e.n.c.p.r.PdtbParser INFO  [main:102] - 
13:12:02.358 c.e.n.c.p.r.PdtbParser INFO  [main:103] - Files to process 0/6 - 0.00%
13:12:02.358 c.e.n.c.p.r.PdtbParser INFO  [main:109] - Parsing file: temp/5.txt
13:12:02.363 s.e.n.c.p.u.Corpus INFO  [main:945] - Generating parse and dependecy trees with Stanford parser...
13:12:02.967 s.e.n.c.p.u.Corpus INFO  [main:951] - Generating tree for: 5.txt
13:12:03.054 s.e.n.c.p.u.Corpus INFO  [main:963] - Parsing line:0
13:12:03.375 s.e.n.c.p.u.Corpus INFO  [main:976] - Tree generation for 5.txt is done. Trees are in /Users/liam/projects/discourse_simp/resources/pdtb-parser/temp/output/5.txt
13:12:03.378 s.e.n.c.p.r.SpanTreeExtractor INFO  [main:144] - Generating the spans of each node in the parse trees.
13:12:03.383 s.e.n.c.p.r.SpanTreeExtractor INFO  [main:189] - Done.
13:12:03.384 c.e.n.c.p.r.PdtbParser INFO  [main:120] - Running the PDTB parser
13:12:03.385 c.e.n.c.p.r.PdtbParser INFO  [main:122] - Running connective classifier...
13:12:03.722 c.e.n.c.p.r.PdtbParser INFO  [main:124] - Done.
13:12:03.722 c.e.n.c.p.r.PdtbParser INFO  [main:126] - Running argument position classifier...
13:12:03.773 c.e.n.c.p.r.PdtbParser INFO  [main:128] - Done.
13:12:03.776 c.e.n.c.p.r.PdtbParser INFO  [main:130] - Running argument extractor classifier...
13:12:03.903 c.e.n.c.p.r.PdtbParser INFO  [main:133] - Done.
13:12:03.904 c.e.n.c.p.r.PdtbParser INFO  [main:135] - Running Explicit classifier...
13:12:03.919 c.e.n.c.p.r.PdtbParser INFO  [main:138] - Done.
13:12:03.930 c.e.n.c.p.r.PdtbParser INFO  [main:140] - Running NonExplicit classifier...
13:12:03.952 c.e.n.c.p.r.PdtbParser INFO  [main:143] - Done with everything. The PDTB relations for the file are in: /Users/liam/projects/discourse_simp/resources/pdtb-parser/temp/output/5.txt.pipe
13:12:03.952 c.e.n.c.p.r.PdtbParser INFO  [main:112] - Done 16.67%
13:12:03.952 c.e.n.c.p.r.PdtbParser INFO  [main:109] - Parsing file: temp/4.txt
13:12:03.953 s.e.n.c.p.u.Corpus INFO  [main:945] - Generating parse and dependecy trees with Stanford parser...
13:12:04.271 s.e.n.c.p.u.Corpus INFO  [main:951] - Generating tree for: 4.txt
13:12:04.273 s.e.n.c.p.u.Corpus INFO  [main:963] - Parsing line:0
13:12:04.423 s.e.n.c.p.u.Corpus INFO  [main:976] - Tree generation for 4.txt is done. Trees are in /Users/liam/projects/discourse_simp/resources/pdtb-parser/temp/output/4.txt
13:12:04.424 s.e.n.c.p.r.SpanTreeExtractor INFO  [main:144] - Generating the spans of each node in the parse trees.
13:12:04.426 s.e.n.c.p.r.SpanTreeExtractor INFO  [main:189] - Done.
13:12:04.426 c.e.n.c.p.r.PdtbParser INFO  [main:120] - Running the PDTB parser
13:12:04.426 c.e.n.c.p.r.PdtbParser INFO  [main:122] - Running connective classifier...
13:12:04.547 c.e.n.c.p.r.PdtbParser INFO  [main:124] - Done.
13:12:04.548 c.e.n.c.p.r.PdtbParser INFO  [main:126] - Running argument position classifier...
13:12:04.565 c.e.n.c.p.r.PdtbParser INFO  [main:128] - Done.
13:12:04.565 c.e.n.c.p.r.PdtbParser INFO  [main:130] - Running argument extractor classifier...
13:12:04.672 c.e.n.c.p.r.PdtbParser INFO  [main:133] - Done.
13:12:04.673 c.e.n.c.p.r.PdtbParser INFO  [main:135] - Running Explicit classifier...
13:12:04.683 c.e.n.c.p.r.PdtbParser INFO  [main:138] - Done.
13:12:04.687 c.e.n.c.p.r.PdtbParser INFO  [main:140] - Running NonExplicit classifier...
13:12:04.716 c.e.n.c.p.r.PdtbParser INFO  [main:143] - Done with everything. The PDTB relations for the file are in: /Users/liam/projects/discourse_simp/resources/pdtb-parser/temp/output/4.txt.pipe
13:12:04.717 c.e.n.c.p.r.PdtbParser INFO  [main:112] - Done 33.33%
13:12:04.717 c.e.n.c.p.r.PdtbParser INFO  [main:109] - Parsing file: temp/3.txt
13:12:04.717 s.e.n.c.p.u.Corpus INFO  [main:945] - Generating parse and dependecy trees with Stanford parser...
13:12:05.084 s.e.n.c.p.u.Corpus INFO  [main:951] - Generating tree for: 3.txt
13:12:05.085 s.e.n.c.p.u.Corpus INFO  [main:963] - Parsing line:0
13:12:05.133 s.e.n.c.p.u.Corpus INFO  [main:976] - Tree generation for 3.txt is done. Trees are in /Users/liam/projects/discourse_simp/resources/pdtb-parser/temp/output/3.txt
13:12:05.134 s.e.n.c.p.r.SpanTreeExtractor INFO  [main:144] - Generating the spans of each node in the parse trees.
13:12:05.136 s.e.n.c.p.r.SpanTreeExtractor INFO  [main:189] - Done.
13:12:05.136 c.e.n.c.p.r.PdtbParser INFO  [main:120] - Running the PDTB parser
13:12:05.136 c.e.n.c.p.r.PdtbParser INFO  [main:122] - Running connective classifier...
13:12:05.228 c.e.n.c.p.r.PdtbParser INFO  [main:124] - Done.
13:12:05.228 c.e.n.c.p.r.PdtbParser INFO  [main:126] - Running argument position classifier...
13:12:05.252 c.e.n.c.p.r.PdtbParser INFO  [main:128] - Done.
13:12:05.252 c.e.n.c.p.r.PdtbParser INFO  [main:130] - Running argument extractor classifier...
13:12:05.363 c.e.n.c.p.r.PdtbParser INFO  [main:133] - Done.
13:12:05.363 c.e.n.c.p.r.PdtbParser INFO  [main:135] - Running Explicit classifier...
13:12:05.376 c.e.n.c.p.r.PdtbParser INFO  [main:138] - Done.
13:12:05.382 c.e.n.c.p.r.PdtbParser INFO  [main:140] - Running NonExplicit classifier...
13:12:05.409 c.e.n.c.p.r.PdtbParser INFO  [main:143] - Done with everything. The PDTB relations for the file are in: /Users/liam/projects/discourse_simp/resources/pdtb-parser/temp/output/3.txt.pipe
13:12:05.410 c.e.n.c.p.r.PdtbParser INFO  [main:112] - Done 50.00%
13:12:05.411 c.e.n.c.p.r.PdtbParser INFO  [main:109] - Parsing file: temp/2.txt
13:12:05.411 s.e.n.c.p.u.Corpus INFO  [main:945] - Generating parse and dependecy trees with Stanford parser...
13:12:05.652 s.e.n.c.p.u.Corpus INFO  [main:951] - Generating tree for: 2.txt
13:12:05.654 s.e.n.c.p.u.Corpus INFO  [main:963] - Parsing line:0
13:12:05.687 s.e.n.c.p.u.Corpus INFO  [main:976] - Tree generation for 2.txt is done. Trees are in /Users/liam/projects/discourse_simp/resources/pdtb-parser/temp/output/2.txt
13:12:05.687 s.e.n.c.p.r.SpanTreeExtractor INFO  [main:144] - Generating the spans of each node in the parse trees.
13:12:05.689 s.e.n.c.p.r.SpanTreeExtractor INFO  [main:189] - Done.
13:12:05.690 c.e.n.c.p.r.PdtbParser INFO  [main:120] - Running the PDTB parser
13:12:05.690 c.e.n.c.p.r.PdtbParser INFO  [main:122] - Running connective classifier...
13:12:05.811 c.e.n.c.p.r.PdtbParser INFO  [main:124] - Done.
13:12:05.811 c.e.n.c.p.r.PdtbParser INFO  [main:126] - Running argument position classifier...
13:12:05.839 c.e.n.c.p.r.PdtbParser INFO  [main:128] - Done.
13:12:05.840 c.e.n.c.p.r.PdtbParser INFO  [main:130] - Running argument extractor classifier...
13:12:05.944 c.e.n.c.p.r.PdtbParser INFO  [main:133] - Done.
13:12:05.944 c.e.n.c.p.r.PdtbParser INFO  [main:135] - Running Explicit classifier...
13:12:05.953 c.e.n.c.p.r.PdtbParser INFO  [main:138] - Done.
13:12:05.957 c.e.n.c.p.r.PdtbParser INFO  [main:140] - Running NonExplicit classifier...
13:12:05.976 c.e.n.c.p.r.PdtbParser INFO  [main:143] - Done with everything. The PDTB relations for the file are in: /Users/liam/projects/discourse_simp/resources/pdtb-parser/temp/output/2.txt.pipe
13:12:05.977 c.e.n.c.p.r.PdtbParser INFO  [main:112] - Done 66.67%
13:12:05.978 c.e.n.c.p.r.PdtbParser INFO  [main:109] - Parsing file: temp/0.txt
13:12:05.978 s.e.n.c.p.u.Corpus INFO  [main:945] - Generating parse and dependecy trees with Stanford parser...
13:12:06.303 s.e.n.c.p.u.Corpus INFO  [main:951] - Generating tree for: 0.txt
13:12:06.304 s.e.n.c.p.u.Corpus INFO  [main:963] - Parsing line:0
13:12:06.338 s.e.n.c.p.u.Corpus INFO  [main:976] - Tree generation for 0.txt is done. Trees are in /Users/liam/projects/discourse_simp/resources/pdtb-parser/temp/output/0.txt
13:12:06.338 s.e.n.c.p.r.SpanTreeExtractor INFO  [main:144] - Generating the spans of each node in the parse trees.
13:12:06.341 s.e.n.c.p.r.SpanTreeExtractor INFO  [main:189] - Done.
13:12:06.341 c.e.n.c.p.r.PdtbParser INFO  [main:120] - Running the PDTB parser
13:12:06.341 c.e.n.c.p.r.PdtbParser INFO  [main:122] - Running connective classifier...
13:12:06.438 c.e.n.c.p.r.PdtbParser INFO  [main:124] - Done.
13:12:06.438 c.e.n.c.p.r.PdtbParser INFO  [main:126] - Running argument position classifier...
13:12:06.470 c.e.n.c.p.r.PdtbParser INFO  [main:128] - Done.
13:12:06.471 c.e.n.c.p.r.PdtbParser INFO  [main:130] - Running argument extractor classifier...
13:12:06.561 c.e.n.c.p.r.PdtbParser INFO  [main:133] - Done.
13:12:06.561 c.e.n.c.p.r.PdtbParser INFO  [main:135] - Running Explicit classifier...
13:12:06.572 c.e.n.c.p.r.PdtbParser INFO  [main:138] - Done.
13:12:06.582 c.e.n.c.p.r.PdtbParser INFO  [main:140] - Running NonExplicit classifier...
13:12:06.609 c.e.n.c.p.r.PdtbParser INFO  [main:143] - Done with everything. The PDTB relations for the file are in: /Users/liam/projects/discourse_simp/resources/pdtb-parser/temp/output/0.txt.pipe
13:12:06.610 c.e.n.c.p.r.PdtbParser INFO  [main:112] - Done 83.33%
13:12:06.610 c.e.n.c.p.r.PdtbParser INFO  [main:109] - Parsing file: temp/1.txt
13:12:06.610 s.e.n.c.p.u.Corpus INFO  [main:945] - Generating parse and dependecy trees with Stanford parser...
13:12:06.997 s.e.n.c.p.u.Corpus INFO  [main:951] - Generating tree for: 1.txt
13:12:06.999 s.e.n.c.p.u.Corpus INFO  [main:963] - Parsing line:0
13:12:07.157 s.e.n.c.p.u.Corpus INFO  [main:976] - Tree generation for 1.txt is done. Trees are in /Users/liam/projects/discourse_simp/resources/pdtb-parser/temp/output/1.txt
13:12:07.158 s.e.n.c.p.r.SpanTreeExtractor INFO  [main:144] - Generating the spans of each node in the parse trees.
13:12:07.159 s.e.n.c.p.r.SpanTreeExtractor INFO  [main:189] - Done.
13:12:07.159 c.e.n.c.p.r.PdtbParser INFO  [main:120] - Running the PDTB parser
13:12:07.159 c.e.n.c.p.r.PdtbParser INFO  [main:122] - Running connective classifier...
13:12:07.208 c.e.n.c.p.r.PdtbParser INFO  [main:124] - Done.
13:12:07.209 c.e.n.c.p.r.PdtbParser INFO  [main:126] - Running argument position classifier...
13:12:07.224 c.e.n.c.p.r.PdtbParser INFO  [main:128] - Done.
13:12:07.225 c.e.n.c.p.r.PdtbParser INFO  [main:130] - Running argument extractor classifier...
13:12:07.311 c.e.n.c.p.r.PdtbParser INFO  [main:133] - Done.
13:12:07.312 c.e.n.c.p.r.PdtbParser INFO  [main:135] - Running Explicit classifier...
13:12:07.321 c.e.n.c.p.r.PdtbParser INFO  [main:138] - Done.
13:12:07.325 c.e.n.c.p.r.PdtbParser INFO  [main:140] - Running NonExplicit classifier...
13:12:07.345 c.e.n.c.p.r.PdtbParser INFO  [main:143] - Done with everything. The PDTB relations for the file are in: /Users/liam/projects/discourse_simp/resources/pdtb-parser/temp/output/1.txt.pipe
13:12:07.346 c.e.n.c.p.r.PdtbParser INFO  [main:112] - Done 100.00%
13:12:37.305 s.e.n.c.p.u.NestedProperties INFO  [main:52] - Loading properties from: config.properties
13:12:37.309 s.e.n.c.p.u.NestedProperties INFO  [main:66] - PROD_RULES_FILE : aux_data/prod_rules.txt
13:12:37.310 s.e.n.c.p.u.NestedProperties INFO  [main:66] - DEP_RULES_FILE : aux_data/dep_rules.txt
13:12:37.311 s.e.n.c.p.u.NestedProperties INFO  [main:66] - MODEL_PATH : models/level_1/
13:12:37.311 s.e.n.c.p.u.NestedProperties INFO  [main:66] - OUTPUT_FOLDER_NAME : output/
13:12:37.311 s.e.n.c.p.u.NestedProperties INFO  [main:66] - WORD_PAIRS_FILE : aux_data/word_pair.txt
13:12:37.311 s.e.n.c.p.u.NestedProperties INFO  [main:66] - STANFORD_MODEL : aux_data/englishPCFG.ser.gz
13:12:37.312 s.e.n.c.p.u.NestedProperties INFO  [main:66] - SEMANTIC_LEVEL : 1
13:12:37.312 s.e.n.c.p.u.NestedProperties INFO  [main:69] - Done loading properties.
13:12:37.312 c.e.n.c.p.r.PdtbParser INFO  [main:76] - Working in temp
13:12:37.313 c.e.n.c.p.r.PdtbParser INFO  [main:102] - 
13:12:37.314 c.e.n.c.p.r.PdtbParser INFO  [main:103] - Files to process 0/6 - 0.00%
13:12:37.314 c.e.n.c.p.r.PdtbParser INFO  [main:109] - Parsing file: temp/5.txt
13:12:37.323 s.e.n.c.p.u.Corpus INFO  [main:945] - Generating parse and dependecy trees with Stanford parser...
13:12:37.876 s.e.n.c.p.u.Corpus INFO  [main:951] - Generating tree for: 5.txt
13:12:37.951 s.e.n.c.p.u.Corpus INFO  [main:963] - Parsing line:0
13:12:38.201 s.e.n.c.p.u.Corpus INFO  [main:976] - Tree generation for 5.txt is done. Trees are in /Users/liam/projects/discourse_simp/resources/pdtb-parser/temp/output/5.txt
13:12:38.202 s.e.n.c.p.r.SpanTreeExtractor INFO  [main:144] - Generating the spans of each node in the parse trees.
13:12:38.208 s.e.n.c.p.r.SpanTreeExtractor INFO  [main:189] - Done.
13:12:38.208 c.e.n.c.p.r.PdtbParser INFO  [main:120] - Running the PDTB parser
13:12:38.210 c.e.n.c.p.r.PdtbParser INFO  [main:122] - Running connective classifier...
13:12:38.508 c.e.n.c.p.r.PdtbParser INFO  [main:124] - Done.
13:12:38.508 c.e.n.c.p.r.PdtbParser INFO  [main:126] - Running argument position classifier...
13:12:38.568 c.e.n.c.p.r.PdtbParser INFO  [main:128] - Done.
13:12:38.570 c.e.n.c.p.r.PdtbParser INFO  [main:130] - Running argument extractor classifier...
13:12:38.648 c.e.n.c.p.r.PdtbParser INFO  [main:133] - Done.
13:12:38.649 c.e.n.c.p.r.PdtbParser INFO  [main:135] - Running Explicit classifier...
13:12:38.657 c.e.n.c.p.r.PdtbParser INFO  [main:138] - Done.
13:12:38.662 c.e.n.c.p.r.PdtbParser INFO  [main:140] - Running NonExplicit classifier...
13:12:38.684 c.e.n.c.p.r.PdtbParser INFO  [main:143] - Done with everything. The PDTB relations for the file are in: /Users/liam/projects/discourse_simp/resources/pdtb-parser/temp/output/5.txt.pipe
13:12:38.685 c.e.n.c.p.r.PdtbParser INFO  [main:112] - Done 16.67%
13:12:38.685 c.e.n.c.p.r.PdtbParser INFO  [main:109] - Parsing file: temp/4.txt
13:12:38.686 s.e.n.c.p.u.Corpus INFO  [main:945] - Generating parse and dependecy trees with Stanford parser...
13:12:38.990 s.e.n.c.p.u.Corpus INFO  [main:951] - Generating tree for: 4.txt
13:12:38.999 s.e.n.c.p.u.Corpus INFO  [main:963] - Parsing line:0
13:12:39.208 s.e.n.c.p.u.Corpus INFO  [main:976] - Tree generation for 4.txt is done. Trees are in /Users/liam/projects/discourse_simp/resources/pdtb-parser/temp/output/4.txt
13:12:39.208 s.e.n.c.p.r.SpanTreeExtractor INFO  [main:144] - Generating the spans of each node in the parse trees.
13:12:39.211 s.e.n.c.p.r.SpanTreeExtractor INFO  [main:189] - Done.
13:12:39.212 c.e.n.c.p.r.PdtbParser INFO  [main:120] - Running the PDTB parser
13:12:39.212 c.e.n.c.p.r.PdtbParser INFO  [main:122] - Running connective classifier...
13:12:39.328 c.e.n.c.p.r.PdtbParser INFO  [main:124] - Done.
13:12:39.328 c.e.n.c.p.r.PdtbParser INFO  [main:126] - Running argument position classifier...
13:12:39.343 c.e.n.c.p.r.PdtbParser INFO  [main:128] - Done.
13:12:39.344 c.e.n.c.p.r.PdtbParser INFO  [main:130] - Running argument extractor classifier...
13:12:39.438 c.e.n.c.p.r.PdtbParser INFO  [main:133] - Done.
13:12:39.438 c.e.n.c.p.r.PdtbParser INFO  [main:135] - Running Explicit classifier...
13:12:39.445 c.e.n.c.p.r.PdtbParser INFO  [main:138] - Done.
13:12:39.448 c.e.n.c.p.r.PdtbParser INFO  [main:140] - Running NonExplicit classifier...
13:12:39.467 c.e.n.c.p.r.PdtbParser INFO  [main:143] - Done with everything. The PDTB relations for the file are in: /Users/liam/projects/discourse_simp/resources/pdtb-parser/temp/output/4.txt.pipe
13:12:39.468 c.e.n.c.p.r.PdtbParser INFO  [main:112] - Done 33.33%
13:12:39.469 c.e.n.c.p.r.PdtbParser INFO  [main:109] - Parsing file: temp/3.txt
13:12:39.469 s.e.n.c.p.u.Corpus INFO  [main:945] - Generating parse and dependecy trees with Stanford parser...
13:12:39.767 s.e.n.c.p.u.Corpus INFO  [main:951] - Generating tree for: 3.txt
13:12:39.769 s.e.n.c.p.u.Corpus INFO  [main:963] - Parsing line:0
13:12:39.811 s.e.n.c.p.u.Corpus INFO  [main:976] - Tree generation for 3.txt is done. Trees are in /Users/liam/projects/discourse_simp/resources/pdtb-parser/temp/output/3.txt
13:12:39.812 s.e.n.c.p.r.SpanTreeExtractor INFO  [main:144] - Generating the spans of each node in the parse trees.
13:12:39.813 s.e.n.c.p.r.SpanTreeExtractor INFO  [main:189] - Done.
13:12:39.813 c.e.n.c.p.r.PdtbParser INFO  [main:120] - Running the PDTB parser
13:12:39.813 c.e.n.c.p.r.PdtbParser INFO  [main:122] - Running connective classifier...
13:12:39.890 c.e.n.c.p.r.PdtbParser INFO  [main:124] - Done.
13:12:39.891 c.e.n.c.p.r.PdtbParser INFO  [main:126] - Running argument position classifier...
13:12:39.909 c.e.n.c.p.r.PdtbParser INFO  [main:128] - Done.
13:12:39.909 c.e.n.c.p.r.PdtbParser INFO  [main:130] - Running argument extractor classifier...
13:12:39.996 c.e.n.c.p.r.PdtbParser INFO  [main:133] - Done.
13:12:39.997 c.e.n.c.p.r.PdtbParser INFO  [main:135] - Running Explicit classifier...
13:12:40.005 c.e.n.c.p.r.PdtbParser INFO  [main:138] - Done.
13:12:40.008 c.e.n.c.p.r.PdtbParser INFO  [main:140] - Running NonExplicit classifier...
13:12:40.034 c.e.n.c.p.r.PdtbParser INFO  [main:143] - Done with everything. The PDTB relations for the file are in: /Users/liam/projects/discourse_simp/resources/pdtb-parser/temp/output/3.txt.pipe
13:12:40.035 c.e.n.c.p.r.PdtbParser INFO  [main:112] - Done 50.00%
13:12:40.035 c.e.n.c.p.r.PdtbParser INFO  [main:109] - Parsing file: temp/2.txt
13:12:40.035 s.e.n.c.p.u.Corpus INFO  [main:945] - Generating parse and dependecy trees with Stanford parser...
13:12:40.276 s.e.n.c.p.u.Corpus INFO  [main:951] - Generating tree for: 2.txt
13:12:40.277 s.e.n.c.p.u.Corpus INFO  [main:963] - Parsing line:0
13:12:40.303 s.e.n.c.p.u.Corpus INFO  [main:976] - Tree generation for 2.txt is done. Trees are in /Users/liam/projects/discourse_simp/resources/pdtb-parser/temp/output/2.txt
13:12:40.304 s.e.n.c.p.r.SpanTreeExtractor INFO  [main:144] - Generating the spans of each node in the parse trees.
13:12:40.305 s.e.n.c.p.r.SpanTreeExtractor INFO  [main:189] - Done.
13:12:40.305 c.e.n.c.p.r.PdtbParser INFO  [main:120] - Running the PDTB parser
13:12:40.305 c.e.n.c.p.r.PdtbParser INFO  [main:122] - Running connective classifier...
13:12:40.363 c.e.n.c.p.r.PdtbParser INFO  [main:124] - Done.
13:12:40.364 c.e.n.c.p.r.PdtbParser INFO  [main:126] - Running argument position classifier...
13:12:40.385 c.e.n.c.p.r.PdtbParser INFO  [main:128] - Done.
13:12:40.385 c.e.n.c.p.r.PdtbParser INFO  [main:130] - Running argument extractor classifier...
13:12:40.489 c.e.n.c.p.r.PdtbParser INFO  [main:133] - Done.
13:12:40.490 c.e.n.c.p.r.PdtbParser INFO  [main:135] - Running Explicit classifier...
13:12:40.497 c.e.n.c.p.r.PdtbParser INFO  [main:138] - Done.
13:12:40.500 c.e.n.c.p.r.PdtbParser INFO  [main:140] - Running NonExplicit classifier...
13:12:40.516 c.e.n.c.p.r.PdtbParser INFO  [main:143] - Done with everything. The PDTB relations for the file are in: /Users/liam/projects/discourse_simp/resources/pdtb-parser/temp/output/2.txt.pipe
13:12:40.517 c.e.n.c.p.r.PdtbParser INFO  [main:112] - Done 66.67%
13:12:40.517 c.e.n.c.p.r.PdtbParser INFO  [main:109] - Parsing file: temp/0.txt
13:12:40.517 s.e.n.c.p.u.Corpus INFO  [main:945] - Generating parse and dependecy trees with Stanford parser...
13:12:40.780 s.e.n.c.p.u.Corpus INFO  [main:951] - Generating tree for: 0.txt
13:12:40.781 s.e.n.c.p.u.Corpus INFO  [main:963] - Parsing line:0
13:12:40.810 s.e.n.c.p.u.Corpus INFO  [main:976] - Tree generation for 0.txt is done. Trees are in /Users/liam/projects/discourse_simp/resources/pdtb-parser/temp/output/0.txt
13:12:40.810 s.e.n.c.p.r.SpanTreeExtractor INFO  [main:144] - Generating the spans of each node in the parse trees.
13:12:40.812 s.e.n.c.p.r.SpanTreeExtractor INFO  [main:189] - Done.
13:12:40.812 c.e.n.c.p.r.PdtbParser INFO  [main:120] - Running the PDTB parser
13:12:40.813 c.e.n.c.p.r.PdtbParser INFO  [main:122] - Running connective classifier...
13:12:40.893 c.e.n.c.p.r.PdtbParser INFO  [main:124] - Done.
13:12:40.894 c.e.n.c.p.r.PdtbParser INFO  [main:126] - Running argument position classifier...
13:12:40.912 c.e.n.c.p.r.PdtbParser INFO  [main:128] - Done.
13:12:40.913 c.e.n.c.p.r.PdtbParser INFO  [main:130] - Running argument extractor classifier...
13:12:40.998 c.e.n.c.p.r.PdtbParser INFO  [main:133] - Done.
13:12:40.998 c.e.n.c.p.r.PdtbParser INFO  [main:135] - Running Explicit classifier...
13:12:41.009 c.e.n.c.p.r.PdtbParser INFO  [main:138] - Done.
13:12:41.012 c.e.n.c.p.r.PdtbParser INFO  [main:140] - Running NonExplicit classifier...
13:12:41.038 c.e.n.c.p.r.PdtbParser INFO  [main:143] - Done with everything. The PDTB relations for the file are in: /Users/liam/projects/discourse_simp/resources/pdtb-parser/temp/output/0.txt.pipe
13:12:41.039 c.e.n.c.p.r.PdtbParser INFO  [main:112] - Done 83.33%
13:12:41.040 c.e.n.c.p.r.PdtbParser INFO  [main:109] - Parsing file: temp/1.txt
13:12:41.040 s.e.n.c.p.u.Corpus INFO  [main:945] - Generating parse and dependecy trees with Stanford parser...
13:12:41.359 s.e.n.c.p.u.Corpus INFO  [main:951] - Generating tree for: 1.txt
13:12:41.362 s.e.n.c.p.u.Corpus INFO  [main:963] - Parsing line:0
13:12:41.512 s.e.n.c.p.u.Corpus INFO  [main:976] - Tree generation for 1.txt is done. Trees are in /Users/liam/projects/discourse_simp/resources/pdtb-parser/temp/output/1.txt
13:12:41.512 s.e.n.c.p.r.SpanTreeExtractor INFO  [main:144] - Generating the spans of each node in the parse trees.
13:12:41.513 s.e.n.c.p.r.SpanTreeExtractor INFO  [main:189] - Done.
13:12:41.513 c.e.n.c.p.r.PdtbParser INFO  [main:120] - Running the PDTB parser
13:12:41.513 c.e.n.c.p.r.PdtbParser INFO  [main:122] - Running connective classifier...
13:12:41.562 c.e.n.c.p.r.PdtbParser INFO  [main:124] - Done.
13:12:41.562 c.e.n.c.p.r.PdtbParser INFO  [main:126] - Running argument position classifier...
13:12:41.577 c.e.n.c.p.r.PdtbParser INFO  [main:128] - Done.
13:12:41.577 c.e.n.c.p.r.PdtbParser INFO  [main:130] - Running argument extractor classifier...
13:12:41.638 c.e.n.c.p.r.PdtbParser INFO  [main:133] - Done.
13:12:41.639 c.e.n.c.p.r.PdtbParser INFO  [main:135] - Running Explicit classifier...
13:12:41.648 c.e.n.c.p.r.PdtbParser INFO  [main:138] - Done.
13:12:41.651 c.e.n.c.p.r.PdtbParser INFO  [main:140] - Running NonExplicit classifier...
13:12:41.669 c.e.n.c.p.r.PdtbParser INFO  [main:143] - Done with everything. The PDTB relations for the file are in: /Users/liam/projects/discourse_simp/resources/pdtb-parser/temp/output/1.txt.pipe
13:12:41.670 c.e.n.c.p.r.PdtbParser INFO  [main:112] - Done 100.00%
13:13:27.532 s.e.n.c.p.u.NestedProperties INFO  [main:52] - Loading properties from: config.properties
13:13:27.537 s.e.n.c.p.u.NestedProperties INFO  [main:66] - PROD_RULES_FILE : aux_data/prod_rules.txt
13:13:27.537 s.e.n.c.p.u.NestedProperties INFO  [main:66] - DEP_RULES_FILE : aux_data/dep_rules.txt
13:13:27.537 s.e.n.c.p.u.NestedProperties INFO  [main:66] - MODEL_PATH : models/level_1/
13:13:27.537 s.e.n.c.p.u.NestedProperties INFO  [main:66] - OUTPUT_FOLDER_NAME : output/
13:13:27.538 s.e.n.c.p.u.NestedProperties INFO  [main:66] - WORD_PAIRS_FILE : aux_data/word_pair.txt
13:13:27.538 s.e.n.c.p.u.NestedProperties INFO  [main:66] - STANFORD_MODEL : aux_data/englishPCFG.ser.gz
13:13:27.538 s.e.n.c.p.u.NestedProperties INFO  [main:66] - SEMANTIC_LEVEL : 1
13:13:27.538 s.e.n.c.p.u.NestedProperties INFO  [main:69] - Done loading properties.
13:13:27.539 c.e.n.c.p.r.PdtbParser INFO  [main:76] - Working in temp
13:13:27.539 c.e.n.c.p.r.PdtbParser INFO  [main:102] - 
13:13:27.540 c.e.n.c.p.r.PdtbParser INFO  [main:103] - Files to process 0/6 - 0.00%
13:13:27.540 c.e.n.c.p.r.PdtbParser INFO  [main:109] - Parsing file: temp/5.txt
13:13:27.549 s.e.n.c.p.u.Corpus INFO  [main:945] - Generating parse and dependecy trees with Stanford parser...
13:13:28.119 s.e.n.c.p.u.Corpus INFO  [main:951] - Generating tree for: 5.txt
13:13:28.189 s.e.n.c.p.u.Corpus INFO  [main:963] - Parsing line:0
13:13:28.438 s.e.n.c.p.u.Corpus INFO  [main:976] - Tree generation for 5.txt is done. Trees are in /Users/liam/projects/discourse_simp/resources/pdtb-parser/temp/output/5.txt
13:13:28.440 s.e.n.c.p.r.SpanTreeExtractor INFO  [main:144] - Generating the spans of each node in the parse trees.
13:13:28.445 s.e.n.c.p.r.SpanTreeExtractor INFO  [main:189] - Done.
13:13:28.445 c.e.n.c.p.r.PdtbParser INFO  [main:120] - Running the PDTB parser
13:13:28.447 c.e.n.c.p.r.PdtbParser INFO  [main:122] - Running connective classifier...
13:13:28.770 c.e.n.c.p.r.PdtbParser INFO  [main:124] - Done.
13:13:28.771 c.e.n.c.p.r.PdtbParser INFO  [main:126] - Running argument position classifier...
13:13:28.838 c.e.n.c.p.r.PdtbParser INFO  [main:128] - Done.
13:13:28.840 c.e.n.c.p.r.PdtbParser INFO  [main:130] - Running argument extractor classifier...
13:13:28.923 c.e.n.c.p.r.PdtbParser INFO  [main:133] - Done.
13:13:28.925 c.e.n.c.p.r.PdtbParser INFO  [main:135] - Running Explicit classifier...
13:13:28.937 c.e.n.c.p.r.PdtbParser INFO  [main:138] - Done.
13:13:28.945 c.e.n.c.p.r.PdtbParser INFO  [main:140] - Running NonExplicit classifier...
13:13:28.974 c.e.n.c.p.r.PdtbParser INFO  [main:143] - Done with everything. The PDTB relations for the file are in: /Users/liam/projects/discourse_simp/resources/pdtb-parser/temp/output/5.txt.pipe
13:13:28.975 c.e.n.c.p.r.PdtbParser INFO  [main:112] - Done 16.67%
13:13:28.975 c.e.n.c.p.r.PdtbParser INFO  [main:109] - Parsing file: temp/4.txt
13:13:28.975 s.e.n.c.p.u.Corpus INFO  [main:945] - Generating parse and dependecy trees with Stanford parser...
13:13:29.231 s.e.n.c.p.u.Corpus INFO  [main:951] - Generating tree for: 4.txt
13:13:29.233 s.e.n.c.p.u.Corpus INFO  [main:963] - Parsing line:0
13:13:29.415 s.e.n.c.p.u.Corpus INFO  [main:976] - Tree generation for 4.txt is done. Trees are in /Users/liam/projects/discourse_simp/resources/pdtb-parser/temp/output/4.txt
13:13:29.416 s.e.n.c.p.r.SpanTreeExtractor INFO  [main:144] - Generating the spans of each node in the parse trees.
13:13:29.419 s.e.n.c.p.r.SpanTreeExtractor INFO  [main:189] - Done.
13:13:29.419 c.e.n.c.p.r.PdtbParser INFO  [main:120] - Running the PDTB parser
13:13:29.419 c.e.n.c.p.r.PdtbParser INFO  [main:122] - Running connective classifier...
13:13:29.520 c.e.n.c.p.r.PdtbParser INFO  [main:124] - Done.
13:13:29.520 c.e.n.c.p.r.PdtbParser INFO  [main:126] - Running argument position classifier...
13:13:29.535 c.e.n.c.p.r.PdtbParser INFO  [main:128] - Done.
13:13:29.536 c.e.n.c.p.r.PdtbParser INFO  [main:130] - Running argument extractor classifier...
13:13:29.612 c.e.n.c.p.r.PdtbParser INFO  [main:133] - Done.
13:13:29.613 c.e.n.c.p.r.PdtbParser INFO  [main:135] - Running Explicit classifier...
13:13:29.651 c.e.n.c.p.r.PdtbParser INFO  [main:138] - Done.
13:13:29.657 c.e.n.c.p.r.PdtbParser INFO  [main:140] - Running NonExplicit classifier...
13:13:29.719 c.e.n.c.p.r.PdtbParser INFO  [main:143] - Done with everything. The PDTB relations for the file are in: /Users/liam/projects/discourse_simp/resources/pdtb-parser/temp/output/4.txt.pipe
13:13:29.721 c.e.n.c.p.r.PdtbParser INFO  [main:112] - Done 33.33%
13:13:29.721 c.e.n.c.p.r.PdtbParser INFO  [main:109] - Parsing file: temp/3.txt
13:13:29.722 s.e.n.c.p.u.Corpus INFO  [main:945] - Generating parse and dependecy trees with Stanford parser...
13:13:30.022 s.e.n.c.p.u.Corpus INFO  [main:951] - Generating tree for: 3.txt
13:13:30.024 s.e.n.c.p.u.Corpus INFO  [main:963] - Parsing line:0
13:13:30.056 s.e.n.c.p.u.Corpus INFO  [main:976] - Tree generation for 3.txt is done. Trees are in /Users/liam/projects/discourse_simp/resources/pdtb-parser/temp/output/3.txt
13:13:30.056 s.e.n.c.p.r.SpanTreeExtractor INFO  [main:144] - Generating the spans of each node in the parse trees.
13:13:30.058 s.e.n.c.p.r.SpanTreeExtractor INFO  [main:189] - Done.
13:13:30.058 c.e.n.c.p.r.PdtbParser INFO  [main:120] - Running the PDTB parser
13:13:30.059 c.e.n.c.p.r.PdtbParser INFO  [main:122] - Running connective classifier...
13:13:30.129 c.e.n.c.p.r.PdtbParser INFO  [main:124] - Done.
13:13:30.129 c.e.n.c.p.r.PdtbParser INFO  [main:126] - Running argument position classifier...
13:13:30.147 c.e.n.c.p.r.PdtbParser INFO  [main:128] - Done.
13:13:30.148 c.e.n.c.p.r.PdtbParser INFO  [main:130] - Running argument extractor classifier...
13:13:30.310 c.e.n.c.p.r.PdtbParser INFO  [main:133] - Done.
13:13:30.311 c.e.n.c.p.r.PdtbParser INFO  [main:135] - Running Explicit classifier...
13:13:30.321 c.e.n.c.p.r.PdtbParser INFO  [main:138] - Done.
13:13:30.325 c.e.n.c.p.r.PdtbParser INFO  [main:140] - Running NonExplicit classifier...
13:13:30.346 c.e.n.c.p.r.PdtbParser INFO  [main:143] - Done with everything. The PDTB relations for the file are in: /Users/liam/projects/discourse_simp/resources/pdtb-parser/temp/output/3.txt.pipe
13:13:30.347 c.e.n.c.p.r.PdtbParser INFO  [main:112] - Done 50.00%
13:13:30.347 c.e.n.c.p.r.PdtbParser INFO  [main:109] - Parsing file: temp/2.txt
13:13:30.347 s.e.n.c.p.u.Corpus INFO  [main:945] - Generating parse and dependecy trees with Stanford parser...
13:13:30.620 s.e.n.c.p.u.Corpus INFO  [main:951] - Generating tree for: 2.txt
13:13:30.622 s.e.n.c.p.u.Corpus INFO  [main:963] - Parsing line:0
13:13:30.659 s.e.n.c.p.u.Corpus INFO  [main:976] - Tree generation for 2.txt is done. Trees are in /Users/liam/projects/discourse_simp/resources/pdtb-parser/temp/output/2.txt
13:13:30.659 s.e.n.c.p.r.SpanTreeExtractor INFO  [main:144] - Generating the spans of each node in the parse trees.
13:13:30.661 s.e.n.c.p.r.SpanTreeExtractor INFO  [main:189] - Done.
13:13:30.661 c.e.n.c.p.r.PdtbParser INFO  [main:120] - Running the PDTB parser
13:13:30.661 c.e.n.c.p.r.PdtbParser INFO  [main:122] - Running connective classifier...
13:13:30.759 c.e.n.c.p.r.PdtbParser INFO  [main:124] - Done.
13:13:30.760 c.e.n.c.p.r.PdtbParser INFO  [main:126] - Running argument position classifier...
13:13:30.785 c.e.n.c.p.r.PdtbParser INFO  [main:128] - Done.
13:13:30.786 c.e.n.c.p.r.PdtbParser INFO  [main:130] - Running argument extractor classifier...
13:13:30.874 c.e.n.c.p.r.PdtbParser INFO  [main:133] - Done.
13:13:30.875 c.e.n.c.p.r.PdtbParser INFO  [main:135] - Running Explicit classifier...
13:13:30.885 c.e.n.c.p.r.PdtbParser INFO  [main:138] - Done.
13:13:30.890 c.e.n.c.p.r.PdtbParser INFO  [main:140] - Running NonExplicit classifier...
13:13:30.915 c.e.n.c.p.r.PdtbParser INFO  [main:143] - Done with everything. The PDTB relations for the file are in: /Users/liam/projects/discourse_simp/resources/pdtb-parser/temp/output/2.txt.pipe
13:13:30.915 c.e.n.c.p.r.PdtbParser INFO  [main:112] - Done 66.67%
13:13:30.916 c.e.n.c.p.r.PdtbParser INFO  [main:109] - Parsing file: temp/0.txt
13:13:30.916 s.e.n.c.p.u.Corpus INFO  [main:945] - Generating parse and dependecy trees with Stanford parser...
13:13:31.207 s.e.n.c.p.u.Corpus INFO  [main:951] - Generating tree for: 0.txt
13:13:31.209 s.e.n.c.p.u.Corpus INFO  [main:963] - Parsing line:0
13:13:31.242 s.e.n.c.p.u.Corpus INFO  [main:976] - Tree generation for 0.txt is done. Trees are in /Users/liam/projects/discourse_simp/resources/pdtb-parser/temp/output/0.txt
13:13:31.242 s.e.n.c.p.r.SpanTreeExtractor INFO  [main:144] - Generating the spans of each node in the parse trees.
13:13:31.244 s.e.n.c.p.r.SpanTreeExtractor INFO  [main:189] - Done.
13:13:31.244 c.e.n.c.p.r.PdtbParser INFO  [main:120] - Running the PDTB parser
13:13:31.244 c.e.n.c.p.r.PdtbParser INFO  [main:122] - Running connective classifier...
13:13:31.367 c.e.n.c.p.r.PdtbParser INFO  [main:124] - Done.
13:13:31.367 c.e.n.c.p.r.PdtbParser INFO  [main:126] - Running argument position classifier...
13:13:31.384 c.e.n.c.p.r.PdtbParser INFO  [main:128] - Done.
13:13:31.384 c.e.n.c.p.r.PdtbParser INFO  [main:130] - Running argument extractor classifier...
13:13:31.435 c.e.n.c.p.r.PdtbParser INFO  [main:133] - Done.
13:13:31.436 c.e.n.c.p.r.PdtbParser INFO  [main:135] - Running Explicit classifier...
13:13:31.442 c.e.n.c.p.r.PdtbParser INFO  [main:138] - Done.
13:13:31.444 c.e.n.c.p.r.PdtbParser INFO  [main:140] - Running NonExplicit classifier...
13:13:31.457 c.e.n.c.p.r.PdtbParser INFO  [main:143] - Done with everything. The PDTB relations for the file are in: /Users/liam/projects/discourse_simp/resources/pdtb-parser/temp/output/0.txt.pipe
13:13:31.458 c.e.n.c.p.r.PdtbParser INFO  [main:112] - Done 83.33%
13:13:31.458 c.e.n.c.p.r.PdtbParser INFO  [main:109] - Parsing file: temp/1.txt
13:13:31.458 s.e.n.c.p.u.Corpus INFO  [main:945] - Generating parse and dependecy trees with Stanford parser...
13:13:31.683 s.e.n.c.p.u.Corpus INFO  [main:951] - Generating tree for: 1.txt
13:13:31.684 s.e.n.c.p.u.Corpus INFO  [main:963] - Parsing line:0
13:13:31.823 s.e.n.c.p.u.Corpus INFO  [main:976] - Tree generation for 1.txt is done. Trees are in /Users/liam/projects/discourse_simp/resources/pdtb-parser/temp/output/1.txt
13:13:31.823 s.e.n.c.p.r.SpanTreeExtractor INFO  [main:144] - Generating the spans of each node in the parse trees.
13:13:31.824 s.e.n.c.p.r.SpanTreeExtractor INFO  [main:189] - Done.
13:13:31.825 c.e.n.c.p.r.PdtbParser INFO  [main:120] - Running the PDTB parser
13:13:31.825 c.e.n.c.p.r.PdtbParser INFO  [main:122] - Running connective classifier...
13:13:31.873 c.e.n.c.p.r.PdtbParser INFO  [main:124] - Done.
13:13:31.873 c.e.n.c.p.r.PdtbParser INFO  [main:126] - Running argument position classifier...
13:13:31.887 c.e.n.c.p.r.PdtbParser INFO  [main:128] - Done.
13:13:31.887 c.e.n.c.p.r.PdtbParser INFO  [main:130] - Running argument extractor classifier...
13:13:31.991 c.e.n.c.p.r.PdtbParser INFO  [main:133] - Done.
13:13:31.992 c.e.n.c.p.r.PdtbParser INFO  [main:135] - Running Explicit classifier...
13:13:31.998 c.e.n.c.p.r.PdtbParser INFO  [main:138] - Done.
13:13:31.999 c.e.n.c.p.r.PdtbParser INFO  [main:140] - Running NonExplicit classifier...
13:13:32.012 c.e.n.c.p.r.PdtbParser INFO  [main:143] - Done with everything. The PDTB relations for the file are in: /Users/liam/projects/discourse_simp/resources/pdtb-parser/temp/output/1.txt.pipe
13:13:32.013 c.e.n.c.p.r.PdtbParser INFO  [main:112] - Done 100.00%
13:13:47.910 s.e.n.c.p.u.NestedProperties INFO  [main:52] - Loading properties from: config.properties
13:13:47.914 s.e.n.c.p.u.NestedProperties INFO  [main:66] - PROD_RULES_FILE : aux_data/prod_rules.txt
13:13:47.914 s.e.n.c.p.u.NestedProperties INFO  [main:66] - DEP_RULES_FILE : aux_data/dep_rules.txt
13:13:47.915 s.e.n.c.p.u.NestedProperties INFO  [main:66] - MODEL_PATH : models/level_1/
13:13:47.915 s.e.n.c.p.u.NestedProperties INFO  [main:66] - OUTPUT_FOLDER_NAME : output/
13:13:47.916 s.e.n.c.p.u.NestedProperties INFO  [main:66] - WORD_PAIRS_FILE : aux_data/word_pair.txt
13:13:47.916 s.e.n.c.p.u.NestedProperties INFO  [main:66] - STANFORD_MODEL : aux_data/englishPCFG.ser.gz
13:13:47.917 s.e.n.c.p.u.NestedProperties INFO  [main:66] - SEMANTIC_LEVEL : 1
13:13:47.917 s.e.n.c.p.u.NestedProperties INFO  [main:69] - Done loading properties.
13:13:47.917 c.e.n.c.p.r.PdtbParser INFO  [main:76] - Working in temp
13:13:47.918 c.e.n.c.p.r.PdtbParser INFO  [main:102] - 
13:13:47.920 c.e.n.c.p.r.PdtbParser INFO  [main:103] - Files to process 0/6 - 0.00%
13:13:47.920 c.e.n.c.p.r.PdtbParser INFO  [main:109] - Parsing file: temp/5.txt
13:13:47.932 s.e.n.c.p.u.Corpus INFO  [main:945] - Generating parse and dependecy trees with Stanford parser...
13:13:48.556 s.e.n.c.p.u.Corpus INFO  [main:951] - Generating tree for: 5.txt
13:13:48.640 s.e.n.c.p.u.Corpus INFO  [main:963] - Parsing line:0
13:13:48.912 s.e.n.c.p.u.Corpus INFO  [main:976] - Tree generation for 5.txt is done. Trees are in /Users/liam/projects/discourse_simp/resources/pdtb-parser/temp/output/5.txt
13:13:48.914 s.e.n.c.p.r.SpanTreeExtractor INFO  [main:144] - Generating the spans of each node in the parse trees.
13:13:48.920 s.e.n.c.p.r.SpanTreeExtractor INFO  [main:189] - Done.
13:13:48.921 c.e.n.c.p.r.PdtbParser INFO  [main:120] - Running the PDTB parser
13:13:48.924 c.e.n.c.p.r.PdtbParser INFO  [main:122] - Running connective classifier...
13:13:49.196 c.e.n.c.p.r.PdtbParser INFO  [main:124] - Done.
13:13:49.196 c.e.n.c.p.r.PdtbParser INFO  [main:126] - Running argument position classifier...
13:13:49.247 c.e.n.c.p.r.PdtbParser INFO  [main:128] - Done.
13:13:49.250 c.e.n.c.p.r.PdtbParser INFO  [main:130] - Running argument extractor classifier...
13:13:49.360 c.e.n.c.p.r.PdtbParser INFO  [main:133] - Done.
13:13:49.361 c.e.n.c.p.r.PdtbParser INFO  [main:135] - Running Explicit classifier...
13:13:49.369 c.e.n.c.p.r.PdtbParser INFO  [main:138] - Done.
13:13:49.375 c.e.n.c.p.r.PdtbParser INFO  [main:140] - Running NonExplicit classifier...
13:13:49.402 c.e.n.c.p.r.PdtbParser INFO  [main:143] - Done with everything. The PDTB relations for the file are in: /Users/liam/projects/discourse_simp/resources/pdtb-parser/temp/output/5.txt.pipe
13:13:49.403 c.e.n.c.p.r.PdtbParser INFO  [main:112] - Done 16.67%
13:13:49.403 c.e.n.c.p.r.PdtbParser INFO  [main:109] - Parsing file: temp/4.txt
13:13:49.403 s.e.n.c.p.u.Corpus INFO  [main:945] - Generating parse and dependecy trees with Stanford parser...
13:13:49.705 s.e.n.c.p.u.Corpus INFO  [main:951] - Generating tree for: 4.txt
13:13:49.710 s.e.n.c.p.u.Corpus INFO  [main:963] - Parsing line:0
13:13:49.907 s.e.n.c.p.u.Corpus INFO  [main:976] - Tree generation for 4.txt is done. Trees are in /Users/liam/projects/discourse_simp/resources/pdtb-parser/temp/output/4.txt
13:13:49.907 s.e.n.c.p.r.SpanTreeExtractor INFO  [main:144] - Generating the spans of each node in the parse trees.
13:13:49.909 s.e.n.c.p.r.SpanTreeExtractor INFO  [main:189] - Done.
13:13:49.910 c.e.n.c.p.r.PdtbParser INFO  [main:120] - Running the PDTB parser
13:13:49.910 c.e.n.c.p.r.PdtbParser INFO  [main:122] - Running connective classifier...
13:13:49.981 c.e.n.c.p.r.PdtbParser INFO  [main:124] - Done.
13:13:49.981 c.e.n.c.p.r.PdtbParser INFO  [main:126] - Running argument position classifier...
13:13:49.996 c.e.n.c.p.r.PdtbParser INFO  [main:128] - Done.
13:13:49.996 c.e.n.c.p.r.PdtbParser INFO  [main:130] - Running argument extractor classifier...
13:13:50.121 c.e.n.c.p.r.PdtbParser INFO  [main:133] - Done.
13:13:50.121 c.e.n.c.p.r.PdtbParser INFO  [main:135] - Running Explicit classifier...
13:13:50.131 c.e.n.c.p.r.PdtbParser INFO  [main:138] - Done.
13:13:50.134 c.e.n.c.p.r.PdtbParser INFO  [main:140] - Running NonExplicit classifier...
13:13:50.155 c.e.n.c.p.r.PdtbParser INFO  [main:143] - Done with everything. The PDTB relations for the file are in: /Users/liam/projects/discourse_simp/resources/pdtb-parser/temp/output/4.txt.pipe
13:13:50.156 c.e.n.c.p.r.PdtbParser INFO  [main:112] - Done 33.33%
13:13:50.157 c.e.n.c.p.r.PdtbParser INFO  [main:109] - Parsing file: temp/3.txt
13:13:50.157 s.e.n.c.p.u.Corpus INFO  [main:945] - Generating parse and dependecy trees with Stanford parser...
13:13:50.437 s.e.n.c.p.u.Corpus INFO  [main:951] - Generating tree for: 3.txt
13:13:50.438 s.e.n.c.p.u.Corpus INFO  [main:963] - Parsing line:0
13:13:50.467 s.e.n.c.p.u.Corpus INFO  [main:976] - Tree generation for 3.txt is done. Trees are in /Users/liam/projects/discourse_simp/resources/pdtb-parser/temp/output/3.txt
13:13:50.467 s.e.n.c.p.r.SpanTreeExtractor INFO  [main:144] - Generating the spans of each node in the parse trees.
13:13:50.469 s.e.n.c.p.r.SpanTreeExtractor INFO  [main:189] - Done.
13:13:50.470 c.e.n.c.p.r.PdtbParser INFO  [main:120] - Running the PDTB parser
13:13:50.470 c.e.n.c.p.r.PdtbParser INFO  [main:122] - Running connective classifier...
13:13:50.566 c.e.n.c.p.r.PdtbParser INFO  [main:124] - Done.
13:13:50.567 c.e.n.c.p.r.PdtbParser INFO  [main:126] - Running argument position classifier...
13:13:50.598 c.e.n.c.p.r.PdtbParser INFO  [main:128] - Done.
13:13:50.598 c.e.n.c.p.r.PdtbParser INFO  [main:130] - Running argument extractor classifier...
13:13:50.692 c.e.n.c.p.r.PdtbParser INFO  [main:133] - Done.
13:13:50.692 c.e.n.c.p.r.PdtbParser INFO  [main:135] - Running Explicit classifier...
13:13:50.704 c.e.n.c.p.r.PdtbParser INFO  [main:138] - Done.
13:13:50.708 c.e.n.c.p.r.PdtbParser INFO  [main:140] - Running NonExplicit classifier...
13:13:50.740 c.e.n.c.p.r.PdtbParser INFO  [main:143] - Done with everything. The PDTB relations for the file are in: /Users/liam/projects/discourse_simp/resources/pdtb-parser/temp/output/3.txt.pipe
13:13:50.741 c.e.n.c.p.r.PdtbParser INFO  [main:112] - Done 50.00%
13:13:50.741 c.e.n.c.p.r.PdtbParser INFO  [main:109] - Parsing file: temp/2.txt
13:13:50.741 s.e.n.c.p.u.Corpus INFO  [main:945] - Generating parse and dependecy trees with Stanford parser...
13:13:51.038 s.e.n.c.p.u.Corpus INFO  [main:951] - Generating tree for: 2.txt
13:13:51.041 s.e.n.c.p.u.Corpus INFO  [main:963] - Parsing line:0
13:13:51.080 s.e.n.c.p.u.Corpus INFO  [main:976] - Tree generation for 2.txt is done. Trees are in /Users/liam/projects/discourse_simp/resources/pdtb-parser/temp/output/2.txt
13:13:51.080 s.e.n.c.p.r.SpanTreeExtractor INFO  [main:144] - Generating the spans of each node in the parse trees.
13:13:51.082 s.e.n.c.p.r.SpanTreeExtractor INFO  [main:189] - Done.
13:13:51.083 c.e.n.c.p.r.PdtbParser INFO  [main:120] - Running the PDTB parser
13:13:51.083 c.e.n.c.p.r.PdtbParser INFO  [main:122] - Running connective classifier...
13:13:51.165 c.e.n.c.p.r.PdtbParser INFO  [main:124] - Done.
13:13:51.165 c.e.n.c.p.r.PdtbParser INFO  [main:126] - Running argument position classifier...
13:13:51.192 c.e.n.c.p.r.PdtbParser INFO  [main:128] - Done.
13:13:51.193 c.e.n.c.p.r.PdtbParser INFO  [main:130] - Running argument extractor classifier...
13:13:51.308 c.e.n.c.p.r.PdtbParser INFO  [main:133] - Done.
13:13:51.309 c.e.n.c.p.r.PdtbParser INFO  [main:135] - Running Explicit classifier...
13:13:51.317 c.e.n.c.p.r.PdtbParser INFO  [main:138] - Done.
13:13:51.322 c.e.n.c.p.r.PdtbParser INFO  [main:140] - Running NonExplicit classifier...
13:13:51.342 c.e.n.c.p.r.PdtbParser INFO  [main:143] - Done with everything. The PDTB relations for the file are in: /Users/liam/projects/discourse_simp/resources/pdtb-parser/temp/output/2.txt.pipe
13:13:51.342 c.e.n.c.p.r.PdtbParser INFO  [main:112] - Done 66.67%
13:13:51.342 c.e.n.c.p.r.PdtbParser INFO  [main:109] - Parsing file: temp/0.txt
13:13:51.343 s.e.n.c.p.u.Corpus INFO  [main:945] - Generating parse and dependecy trees with Stanford parser...
13:13:51.553 s.e.n.c.p.u.Corpus INFO  [main:951] - Generating tree for: 0.txt
13:13:51.556 s.e.n.c.p.u.Corpus INFO  [main:963] - Parsing line:0
13:13:51.646 s.e.n.c.p.u.Corpus INFO  [main:976] - Tree generation for 0.txt is done. Trees are in /Users/liam/projects/discourse_simp/resources/pdtb-parser/temp/output/0.txt
13:13:51.647 s.e.n.c.p.r.SpanTreeExtractor INFO  [main:144] - Generating the spans of each node in the parse trees.
13:13:51.648 s.e.n.c.p.r.SpanTreeExtractor INFO  [main:189] - Done.
13:13:51.648 c.e.n.c.p.r.PdtbParser INFO  [main:120] - Running the PDTB parser
13:13:51.648 c.e.n.c.p.r.PdtbParser INFO  [main:122] - Running connective classifier...
13:13:51.700 c.e.n.c.p.r.PdtbParser INFO  [main:124] - Done.
13:13:51.700 c.e.n.c.p.r.PdtbParser INFO  [main:126] - Running argument position classifier...
13:13:51.715 c.e.n.c.p.r.PdtbParser INFO  [main:128] - Done.
13:13:51.716 c.e.n.c.p.r.PdtbParser INFO  [main:130] - Running argument extractor classifier...
13:13:51.764 c.e.n.c.p.r.PdtbParser INFO  [main:133] - Done.
13:13:51.764 c.e.n.c.p.r.PdtbParser INFO  [main:135] - Running Explicit classifier...
13:13:51.770 c.e.n.c.p.r.PdtbParser INFO  [main:138] - Done.
13:13:51.771 c.e.n.c.p.r.PdtbParser INFO  [main:140] - Running NonExplicit classifier...
13:13:51.785 c.e.n.c.p.r.PdtbParser INFO  [main:143] - Done with everything. The PDTB relations for the file are in: /Users/liam/projects/discourse_simp/resources/pdtb-parser/temp/output/0.txt.pipe
13:13:51.785 c.e.n.c.p.r.PdtbParser INFO  [main:112] - Done 83.33%
13:13:51.786 c.e.n.c.p.r.PdtbParser INFO  [main:109] - Parsing file: temp/1.txt
13:13:51.786 s.e.n.c.p.u.Corpus INFO  [main:945] - Generating parse and dependecy trees with Stanford parser...
13:13:52.035 s.e.n.c.p.u.Corpus INFO  [main:951] - Generating tree for: 1.txt
13:13:52.038 s.e.n.c.p.u.Corpus INFO  [main:963] - Parsing line:0
13:13:52.172 s.e.n.c.p.u.Corpus INFO  [main:976] - Tree generation for 1.txt is done. Trees are in /Users/liam/projects/discourse_simp/resources/pdtb-parser/temp/output/1.txt
13:13:52.173 s.e.n.c.p.r.SpanTreeExtractor INFO  [main:144] - Generating the spans of each node in the parse trees.
13:13:52.175 s.e.n.c.p.r.SpanTreeExtractor INFO  [main:189] - Done.
13:13:52.176 c.e.n.c.p.r.PdtbParser INFO  [main:120] - Running the PDTB parser
13:13:52.176 c.e.n.c.p.r.PdtbParser INFO  [main:122] - Running connective classifier...
13:13:52.244 c.e.n.c.p.r.PdtbParser INFO  [main:124] - Done.
13:13:52.244 c.e.n.c.p.r.PdtbParser INFO  [main:126] - Running argument position classifier...
13:13:52.262 c.e.n.c.p.r.PdtbParser INFO  [main:128] - Done.
13:13:52.263 c.e.n.c.p.r.PdtbParser INFO  [main:130] - Running argument extractor classifier...
13:13:52.342 c.e.n.c.p.r.PdtbParser INFO  [main:133] - Done.
13:13:52.343 c.e.n.c.p.r.PdtbParser INFO  [main:135] - Running Explicit classifier...
13:13:52.351 c.e.n.c.p.r.PdtbParser INFO  [main:138] - Done.
13:13:52.356 c.e.n.c.p.r.PdtbParser INFO  [main:140] - Running NonExplicit classifier...
13:13:52.383 c.e.n.c.p.r.PdtbParser INFO  [main:143] - Done with everything. The PDTB relations for the file are in: /Users/liam/projects/discourse_simp/resources/pdtb-parser/temp/output/1.txt.pipe
13:13:52.384 c.e.n.c.p.r.PdtbParser INFO  [main:112] - Done 100.00%
13:15:49.805 s.e.n.c.p.u.NestedProperties INFO  [main:52] - Loading properties from: config.properties
13:15:49.810 s.e.n.c.p.u.NestedProperties INFO  [main:66] - PROD_RULES_FILE : aux_data/prod_rules.txt
13:15:49.810 s.e.n.c.p.u.NestedProperties INFO  [main:66] - DEP_RULES_FILE : aux_data/dep_rules.txt
13:15:49.810 s.e.n.c.p.u.NestedProperties INFO  [main:66] - MODEL_PATH : models/level_1/
13:15:49.811 s.e.n.c.p.u.NestedProperties INFO  [main:66] - OUTPUT_FOLDER_NAME : output/
13:15:49.811 s.e.n.c.p.u.NestedProperties INFO  [main:66] - WORD_PAIRS_FILE : aux_data/word_pair.txt
13:15:49.811 s.e.n.c.p.u.NestedProperties INFO  [main:66] - STANFORD_MODEL : aux_data/englishPCFG.ser.gz
13:15:49.811 s.e.n.c.p.u.NestedProperties INFO  [main:66] - SEMANTIC_LEVEL : 1
13:15:49.812 s.e.n.c.p.u.NestedProperties INFO  [main:69] - Done loading properties.
13:15:49.812 c.e.n.c.p.r.PdtbParser INFO  [main:76] - Working in temp
13:15:49.812 c.e.n.c.p.r.PdtbParser INFO  [main:102] - 
13:15:49.813 c.e.n.c.p.r.PdtbParser INFO  [main:103] - Files to process 0/6 - 0.00%
13:15:49.813 c.e.n.c.p.r.PdtbParser INFO  [main:109] - Parsing file: temp/5.txt
13:15:49.820 s.e.n.c.p.u.Corpus INFO  [main:945] - Generating parse and dependecy trees with Stanford parser...
13:15:50.288 s.e.n.c.p.u.Corpus INFO  [main:951] - Generating tree for: 5.txt
13:15:50.353 s.e.n.c.p.u.Corpus INFO  [main:963] - Parsing line:0
13:15:50.571 s.e.n.c.p.u.Corpus INFO  [main:976] - Tree generation for 5.txt is done. Trees are in /Users/liam/projects/discourse_simp/resources/pdtb-parser/temp/output/5.txt
13:15:50.573 s.e.n.c.p.r.SpanTreeExtractor INFO  [main:144] - Generating the spans of each node in the parse trees.
13:15:50.578 s.e.n.c.p.r.SpanTreeExtractor INFO  [main:189] - Done.
13:15:50.579 c.e.n.c.p.r.PdtbParser INFO  [main:120] - Running the PDTB parser
13:15:50.580 c.e.n.c.p.r.PdtbParser INFO  [main:122] - Running connective classifier...
13:15:50.853 c.e.n.c.p.r.PdtbParser INFO  [main:124] - Done.
13:15:50.854 c.e.n.c.p.r.PdtbParser INFO  [main:126] - Running argument position classifier...
13:15:50.892 c.e.n.c.p.r.PdtbParser INFO  [main:128] - Done.
13:15:50.894 c.e.n.c.p.r.PdtbParser INFO  [main:130] - Running argument extractor classifier...
13:15:50.958 c.e.n.c.p.r.PdtbParser INFO  [main:133] - Done.
13:15:50.959 c.e.n.c.p.r.PdtbParser INFO  [main:135] - Running Explicit classifier...
13:15:50.965 c.e.n.c.p.r.PdtbParser INFO  [main:138] - Done.
13:15:50.970 c.e.n.c.p.r.PdtbParser INFO  [main:140] - Running NonExplicit classifier...
13:15:50.989 c.e.n.c.p.r.PdtbParser INFO  [main:143] - Done with everything. The PDTB relations for the file are in: /Users/liam/projects/discourse_simp/resources/pdtb-parser/temp/output/5.txt.pipe
13:15:50.990 c.e.n.c.p.r.PdtbParser INFO  [main:112] - Done 16.67%
13:15:50.990 c.e.n.c.p.r.PdtbParser INFO  [main:109] - Parsing file: temp/4.txt
13:15:50.990 s.e.n.c.p.u.Corpus INFO  [main:945] - Generating parse and dependecy trees with Stanford parser...
13:15:51.195 s.e.n.c.p.u.Corpus INFO  [main:951] - Generating tree for: 4.txt
13:15:51.199 s.e.n.c.p.u.Corpus INFO  [main:963] - Parsing line:0
13:15:51.384 s.e.n.c.p.u.Corpus INFO  [main:976] - Tree generation for 4.txt is done. Trees are in /Users/liam/projects/discourse_simp/resources/pdtb-parser/temp/output/4.txt
13:15:51.385 s.e.n.c.p.r.SpanTreeExtractor INFO  [main:144] - Generating the spans of each node in the parse trees.
13:15:51.387 s.e.n.c.p.r.SpanTreeExtractor INFO  [main:189] - Done.
13:15:51.388 c.e.n.c.p.r.PdtbParser INFO  [main:120] - Running the PDTB parser
13:15:51.388 c.e.n.c.p.r.PdtbParser INFO  [main:122] - Running connective classifier...
13:15:51.487 c.e.n.c.p.r.PdtbParser INFO  [main:124] - Done.
13:15:51.488 c.e.n.c.p.r.PdtbParser INFO  [main:126] - Running argument position classifier...
13:15:51.502 c.e.n.c.p.r.PdtbParser INFO  [main:128] - Done.
13:15:51.502 c.e.n.c.p.r.PdtbParser INFO  [main:130] - Running argument extractor classifier...
13:15:51.615 c.e.n.c.p.r.PdtbParser INFO  [main:133] - Done.
13:15:51.615 c.e.n.c.p.r.PdtbParser INFO  [main:135] - Running Explicit classifier...
13:15:51.628 c.e.n.c.p.r.PdtbParser INFO  [main:138] - Done.
13:15:51.632 c.e.n.c.p.r.PdtbParser INFO  [main:140] - Running NonExplicit classifier...
13:15:51.668 c.e.n.c.p.r.PdtbParser INFO  [main:143] - Done with everything. The PDTB relations for the file are in: /Users/liam/projects/discourse_simp/resources/pdtb-parser/temp/output/4.txt.pipe
13:15:51.669 c.e.n.c.p.r.PdtbParser INFO  [main:112] - Done 33.33%
13:15:51.669 c.e.n.c.p.r.PdtbParser INFO  [main:109] - Parsing file: temp/3.txt
13:15:51.669 s.e.n.c.p.u.Corpus INFO  [main:945] - Generating parse and dependecy trees with Stanford parser...
13:15:51.933 s.e.n.c.p.u.Corpus INFO  [main:951] - Generating tree for: 3.txt
13:15:51.934 s.e.n.c.p.u.Corpus INFO  [main:963] - Parsing line:0
13:15:51.966 s.e.n.c.p.u.Corpus INFO  [main:976] - Tree generation for 3.txt is done. Trees are in /Users/liam/projects/discourse_simp/resources/pdtb-parser/temp/output/3.txt
13:15:51.966 s.e.n.c.p.r.SpanTreeExtractor INFO  [main:144] - Generating the spans of each node in the parse trees.
13:15:51.968 s.e.n.c.p.r.SpanTreeExtractor INFO  [main:189] - Done.
13:15:51.968 c.e.n.c.p.r.PdtbParser INFO  [main:120] - Running the PDTB parser
13:15:51.968 c.e.n.c.p.r.PdtbParser INFO  [main:122] - Running connective classifier...
13:15:52.046 c.e.n.c.p.r.PdtbParser INFO  [main:124] - Done.
13:15:52.047 c.e.n.c.p.r.PdtbParser INFO  [main:126] - Running argument position classifier...
13:15:52.068 c.e.n.c.p.r.PdtbParser INFO  [main:128] - Done.
13:15:52.068 c.e.n.c.p.r.PdtbParser INFO  [main:130] - Running argument extractor classifier...
13:15:52.152 c.e.n.c.p.r.PdtbParser INFO  [main:133] - Done.
13:15:52.153 c.e.n.c.p.r.PdtbParser INFO  [main:135] - Running Explicit classifier...
13:15:52.162 c.e.n.c.p.r.PdtbParser INFO  [main:138] - Done.
13:15:52.166 c.e.n.c.p.r.PdtbParser INFO  [main:140] - Running NonExplicit classifier...
13:15:52.191 c.e.n.c.p.r.PdtbParser INFO  [main:143] - Done with everything. The PDTB relations for the file are in: /Users/liam/projects/discourse_simp/resources/pdtb-parser/temp/output/3.txt.pipe
13:15:52.192 c.e.n.c.p.r.PdtbParser INFO  [main:112] - Done 50.00%
13:15:52.192 c.e.n.c.p.r.PdtbParser INFO  [main:109] - Parsing file: temp/2.txt
13:15:52.192 s.e.n.c.p.u.Corpus INFO  [main:945] - Generating parse and dependecy trees with Stanford parser...
13:15:52.405 s.e.n.c.p.u.Corpus INFO  [main:951] - Generating tree for: 2.txt
13:15:52.407 s.e.n.c.p.u.Corpus INFO  [main:963] - Parsing line:0
13:15:52.433 s.e.n.c.p.u.Corpus INFO  [main:976] - Tree generation for 2.txt is done. Trees are in /Users/liam/projects/discourse_simp/resources/pdtb-parser/temp/output/2.txt
13:15:52.433 s.e.n.c.p.r.SpanTreeExtractor INFO  [main:144] - Generating the spans of each node in the parse trees.
13:15:52.435 s.e.n.c.p.r.SpanTreeExtractor INFO  [main:189] - Done.
13:15:52.435 c.e.n.c.p.r.PdtbParser INFO  [main:120] - Running the PDTB parser
13:15:52.435 c.e.n.c.p.r.PdtbParser INFO  [main:122] - Running connective classifier...
13:15:52.484 c.e.n.c.p.r.PdtbParser INFO  [main:124] - Done.
13:15:52.484 c.e.n.c.p.r.PdtbParser INFO  [main:126] - Running argument position classifier...
13:15:52.500 c.e.n.c.p.r.PdtbParser INFO  [main:128] - Done.
13:15:52.501 c.e.n.c.p.r.PdtbParser INFO  [main:130] - Running argument extractor classifier...
13:15:52.597 c.e.n.c.p.r.PdtbParser INFO  [main:133] - Done.
13:15:52.597 c.e.n.c.p.r.PdtbParser INFO  [main:135] - Running Explicit classifier...
13:15:52.605 c.e.n.c.p.r.PdtbParser INFO  [main:138] - Done.
13:15:52.607 c.e.n.c.p.r.PdtbParser INFO  [main:140] - Running NonExplicit classifier...
13:15:52.622 c.e.n.c.p.r.PdtbParser INFO  [main:143] - Done with everything. The PDTB relations for the file are in: /Users/liam/projects/discourse_simp/resources/pdtb-parser/temp/output/2.txt.pipe
13:15:52.623 c.e.n.c.p.r.PdtbParser INFO  [main:112] - Done 66.67%
13:15:52.623 c.e.n.c.p.r.PdtbParser INFO  [main:109] - Parsing file: temp/0.txt
13:15:52.623 s.e.n.c.p.u.Corpus INFO  [main:945] - Generating parse and dependecy trees with Stanford parser...
13:15:52.852 s.e.n.c.p.u.Corpus INFO  [main:951] - Generating tree for: 0.txt
13:15:52.853 s.e.n.c.p.u.Corpus INFO  [main:963] - Parsing line:0
13:15:52.875 s.e.n.c.p.u.Corpus INFO  [main:976] - Tree generation for 0.txt is done. Trees are in /Users/liam/projects/discourse_simp/resources/pdtb-parser/temp/output/0.txt
13:15:52.875 s.e.n.c.p.r.SpanTreeExtractor INFO  [main:144] - Generating the spans of each node in the parse trees.
13:15:52.877 s.e.n.c.p.r.SpanTreeExtractor INFO  [main:189] - Done.
13:15:52.877 c.e.n.c.p.r.PdtbParser INFO  [main:120] - Running the PDTB parser
13:15:52.877 c.e.n.c.p.r.PdtbParser INFO  [main:122] - Running connective classifier...
13:15:52.948 c.e.n.c.p.r.PdtbParser INFO  [main:124] - Done.
13:15:52.948 c.e.n.c.p.r.PdtbParser INFO  [main:126] - Running argument position classifier...
13:15:52.966 c.e.n.c.p.r.PdtbParser INFO  [main:128] - Done.
13:15:52.966 c.e.n.c.p.r.PdtbParser INFO  [main:130] - Running argument extractor classifier...
13:15:53.059 c.e.n.c.p.r.PdtbParser INFO  [main:133] - Done.
13:15:53.059 c.e.n.c.p.r.PdtbParser INFO  [main:135] - Running Explicit classifier...
13:15:53.069 c.e.n.c.p.r.PdtbParser INFO  [main:138] - Done.
13:15:53.073 c.e.n.c.p.r.PdtbParser INFO  [main:140] - Running NonExplicit classifier...
13:15:53.107 c.e.n.c.p.r.PdtbParser INFO  [main:143] - Done with everything. The PDTB relations for the file are in: /Users/liam/projects/discourse_simp/resources/pdtb-parser/temp/output/0.txt.pipe
13:15:53.108 c.e.n.c.p.r.PdtbParser INFO  [main:112] - Done 83.33%
13:15:53.108 c.e.n.c.p.r.PdtbParser INFO  [main:109] - Parsing file: temp/1.txt
13:15:53.108 s.e.n.c.p.u.Corpus INFO  [main:945] - Generating parse and dependecy trees with Stanford parser...
13:15:53.359 s.e.n.c.p.u.Corpus INFO  [main:951] - Generating tree for: 1.txt
13:15:53.360 s.e.n.c.p.u.Corpus INFO  [main:963] - Parsing line:0
13:15:53.470 s.e.n.c.p.u.Corpus INFO  [main:976] - Tree generation for 1.txt is done. Trees are in /Users/liam/projects/discourse_simp/resources/pdtb-parser/temp/output/1.txt
13:15:53.471 s.e.n.c.p.r.SpanTreeExtractor INFO  [main:144] - Generating the spans of each node in the parse trees.
13:15:53.472 s.e.n.c.p.r.SpanTreeExtractor INFO  [main:189] - Done.
13:15:53.472 c.e.n.c.p.r.PdtbParser INFO  [main:120] - Running the PDTB parser
13:15:53.473 c.e.n.c.p.r.PdtbParser INFO  [main:122] - Running connective classifier...
13:15:53.525 c.e.n.c.p.r.PdtbParser INFO  [main:124] - Done.
13:15:53.525 c.e.n.c.p.r.PdtbParser INFO  [main:126] - Running argument position classifier...
13:15:53.541 c.e.n.c.p.r.PdtbParser INFO  [main:128] - Done.
13:15:53.542 c.e.n.c.p.r.PdtbParser INFO  [main:130] - Running argument extractor classifier...
13:15:53.594 c.e.n.c.p.r.PdtbParser INFO  [main:133] - Done.
13:15:53.594 c.e.n.c.p.r.PdtbParser INFO  [main:135] - Running Explicit classifier...
13:15:53.602 c.e.n.c.p.r.PdtbParser INFO  [main:138] - Done.
13:15:53.605 c.e.n.c.p.r.PdtbParser INFO  [main:140] - Running NonExplicit classifier...
13:15:53.624 c.e.n.c.p.r.PdtbParser INFO  [main:143] - Done with everything. The PDTB relations for the file are in: /Users/liam/projects/discourse_simp/resources/pdtb-parser/temp/output/1.txt.pipe
13:15:53.625 c.e.n.c.p.r.PdtbParser INFO  [main:112] - Done 100.00%
13:16:21.233 s.e.n.c.p.u.NestedProperties INFO  [main:52] - Loading properties from: config.properties
13:16:21.237 s.e.n.c.p.u.NestedProperties INFO  [main:66] - PROD_RULES_FILE : aux_data/prod_rules.txt
13:16:21.237 s.e.n.c.p.u.NestedProperties INFO  [main:66] - DEP_RULES_FILE : aux_data/dep_rules.txt
13:16:21.237 s.e.n.c.p.u.NestedProperties INFO  [main:66] - MODEL_PATH : models/level_1/
13:16:21.237 s.e.n.c.p.u.NestedProperties INFO  [main:66] - OUTPUT_FOLDER_NAME : output/
13:16:21.237 s.e.n.c.p.u.NestedProperties INFO  [main:66] - WORD_PAIRS_FILE : aux_data/word_pair.txt
13:16:21.238 s.e.n.c.p.u.NestedProperties INFO  [main:66] - STANFORD_MODEL : aux_data/englishPCFG.ser.gz
13:16:21.238 s.e.n.c.p.u.NestedProperties INFO  [main:66] - SEMANTIC_LEVEL : 1
13:16:21.238 s.e.n.c.p.u.NestedProperties INFO  [main:69] - Done loading properties.
13:16:21.238 c.e.n.c.p.r.PdtbParser INFO  [main:76] - Working in temp
13:16:21.239 c.e.n.c.p.r.PdtbParser INFO  [main:102] - 
13:16:21.240 c.e.n.c.p.r.PdtbParser INFO  [main:103] - Files to process 0/6 - 0.00%
13:16:21.240 c.e.n.c.p.r.PdtbParser INFO  [main:109] - Parsing file: temp/5.txt
13:16:21.247 s.e.n.c.p.u.Corpus INFO  [main:945] - Generating parse and dependecy trees with Stanford parser...
13:16:21.740 s.e.n.c.p.u.Corpus INFO  [main:951] - Generating tree for: 5.txt
13:16:21.802 s.e.n.c.p.u.Corpus INFO  [main:963] - Parsing line:0
13:16:21.998 s.e.n.c.p.u.Corpus INFO  [main:976] - Tree generation for 5.txt is done. Trees are in /Users/liam/projects/discourse_simp/resources/pdtb-parser/temp/output/5.txt
13:16:21.999 s.e.n.c.p.r.SpanTreeExtractor INFO  [main:144] - Generating the spans of each node in the parse trees.
13:16:22.003 s.e.n.c.p.r.SpanTreeExtractor INFO  [main:189] - Done.
13:16:22.003 c.e.n.c.p.r.PdtbParser INFO  [main:120] - Running the PDTB parser
13:16:22.005 c.e.n.c.p.r.PdtbParser INFO  [main:122] - Running connective classifier...
13:16:22.259 c.e.n.c.p.r.PdtbParser INFO  [main:124] - Done.
13:16:22.260 c.e.n.c.p.r.PdtbParser INFO  [main:126] - Running argument position classifier...
13:16:22.329 c.e.n.c.p.r.PdtbParser INFO  [main:128] - Done.
13:16:22.330 c.e.n.c.p.r.PdtbParser INFO  [main:130] - Running argument extractor classifier...
13:16:22.385 c.e.n.c.p.r.PdtbParser INFO  [main:133] - Done.
13:16:22.386 c.e.n.c.p.r.PdtbParser INFO  [main:135] - Running Explicit classifier...
13:16:22.391 c.e.n.c.p.r.PdtbParser INFO  [main:138] - Done.
13:16:22.395 c.e.n.c.p.r.PdtbParser INFO  [main:140] - Running NonExplicit classifier...
13:16:22.409 c.e.n.c.p.r.PdtbParser INFO  [main:143] - Done with everything. The PDTB relations for the file are in: /Users/liam/projects/discourse_simp/resources/pdtb-parser/temp/output/5.txt.pipe
13:16:22.410 c.e.n.c.p.r.PdtbParser INFO  [main:112] - Done 16.67%
13:16:22.410 c.e.n.c.p.r.PdtbParser INFO  [main:109] - Parsing file: temp/4.txt
13:16:22.411 s.e.n.c.p.u.Corpus INFO  [main:945] - Generating parse and dependecy trees with Stanford parser...
13:16:22.660 s.e.n.c.p.u.Corpus INFO  [main:951] - Generating tree for: 4.txt
13:16:22.664 s.e.n.c.p.u.Corpus INFO  [main:963] - Parsing line:0
13:16:22.843 s.e.n.c.p.u.Corpus INFO  [main:976] - Tree generation for 4.txt is done. Trees are in /Users/liam/projects/discourse_simp/resources/pdtb-parser/temp/output/4.txt
13:16:22.843 s.e.n.c.p.r.SpanTreeExtractor INFO  [main:144] - Generating the spans of each node in the parse trees.
13:16:22.846 s.e.n.c.p.r.SpanTreeExtractor INFO  [main:189] - Done.
13:16:22.847 c.e.n.c.p.r.PdtbParser INFO  [main:120] - Running the PDTB parser
13:16:22.847 c.e.n.c.p.r.PdtbParser INFO  [main:122] - Running connective classifier...
13:16:22.977 c.e.n.c.p.r.PdtbParser INFO  [main:124] - Done.
13:16:22.978 c.e.n.c.p.r.PdtbParser INFO  [main:126] - Running argument position classifier...
13:16:23.001 c.e.n.c.p.r.PdtbParser INFO  [main:128] - Done.
13:16:23.001 c.e.n.c.p.r.PdtbParser INFO  [main:130] - Running argument extractor classifier...
13:16:23.106 c.e.n.c.p.r.PdtbParser INFO  [main:133] - Done.
13:16:23.106 c.e.n.c.p.r.PdtbParser INFO  [main:135] - Running Explicit classifier...
13:16:23.114 c.e.n.c.p.r.PdtbParser INFO  [main:138] - Done.
13:16:23.118 c.e.n.c.p.r.PdtbParser INFO  [main:140] - Running NonExplicit classifier...
13:16:23.148 c.e.n.c.p.r.PdtbParser INFO  [main:143] - Done with everything. The PDTB relations for the file are in: /Users/liam/projects/discourse_simp/resources/pdtb-parser/temp/output/4.txt.pipe
13:16:23.149 c.e.n.c.p.r.PdtbParser INFO  [main:112] - Done 33.33%
13:16:23.149 c.e.n.c.p.r.PdtbParser INFO  [main:109] - Parsing file: temp/3.txt
13:16:23.149 s.e.n.c.p.u.Corpus INFO  [main:945] - Generating parse and dependecy trees with Stanford parser...
13:16:23.417 s.e.n.c.p.u.Corpus INFO  [main:951] - Generating tree for: 3.txt
13:16:23.419 s.e.n.c.p.u.Corpus INFO  [main:963] - Parsing line:0
13:16:23.464 s.e.n.c.p.u.Corpus INFO  [main:976] - Tree generation for 3.txt is done. Trees are in /Users/liam/projects/discourse_simp/resources/pdtb-parser/temp/output/3.txt
13:16:23.465 s.e.n.c.p.r.SpanTreeExtractor INFO  [main:144] - Generating the spans of each node in the parse trees.
13:16:23.466 s.e.n.c.p.r.SpanTreeExtractor INFO  [main:189] - Done.
13:16:23.467 c.e.n.c.p.r.PdtbParser INFO  [main:120] - Running the PDTB parser
13:16:23.467 c.e.n.c.p.r.PdtbParser INFO  [main:122] - Running connective classifier...
13:16:23.518 c.e.n.c.p.r.PdtbParser INFO  [main:124] - Done.
13:16:23.518 c.e.n.c.p.r.PdtbParser INFO  [main:126] - Running argument position classifier...
13:16:23.533 c.e.n.c.p.r.PdtbParser INFO  [main:128] - Done.
13:16:23.534 c.e.n.c.p.r.PdtbParser INFO  [main:130] - Running argument extractor classifier...
13:16:23.596 c.e.n.c.p.r.PdtbParser INFO  [main:133] - Done.
13:16:23.596 c.e.n.c.p.r.PdtbParser INFO  [main:135] - Running Explicit classifier...
13:16:23.604 c.e.n.c.p.r.PdtbParser INFO  [main:138] - Done.
13:16:23.607 c.e.n.c.p.r.PdtbParser INFO  [main:140] - Running NonExplicit classifier...
13:16:23.623 c.e.n.c.p.r.PdtbParser INFO  [main:143] - Done with everything. The PDTB relations for the file are in: /Users/liam/projects/discourse_simp/resources/pdtb-parser/temp/output/3.txt.pipe
13:16:23.623 c.e.n.c.p.r.PdtbParser INFO  [main:112] - Done 50.00%
13:16:23.623 c.e.n.c.p.r.PdtbParser INFO  [main:109] - Parsing file: temp/2.txt
13:16:23.624 s.e.n.c.p.u.Corpus INFO  [main:945] - Generating parse and dependecy trees with Stanford parser...
13:16:23.869 s.e.n.c.p.u.Corpus INFO  [main:951] - Generating tree for: 2.txt
13:16:23.870 s.e.n.c.p.u.Corpus INFO  [main:963] - Parsing line:0
13:16:23.908 s.e.n.c.p.u.Corpus INFO  [main:976] - Tree generation for 2.txt is done. Trees are in /Users/liam/projects/discourse_simp/resources/pdtb-parser/temp/output/2.txt
13:16:23.909 s.e.n.c.p.r.SpanTreeExtractor INFO  [main:144] - Generating the spans of each node in the parse trees.
13:16:23.911 s.e.n.c.p.r.SpanTreeExtractor INFO  [main:189] - Done.
13:16:23.911 c.e.n.c.p.r.PdtbParser INFO  [main:120] - Running the PDTB parser
13:16:23.911 c.e.n.c.p.r.PdtbParser INFO  [main:122] - Running connective classifier...
13:16:24.016 c.e.n.c.p.r.PdtbParser INFO  [main:124] - Done.
13:16:24.016 c.e.n.c.p.r.PdtbParser INFO  [main:126] - Running argument position classifier...
13:16:24.035 c.e.n.c.p.r.PdtbParser INFO  [main:128] - Done.
13:16:24.035 c.e.n.c.p.r.PdtbParser INFO  [main:130] - Running argument extractor classifier...
13:16:24.093 c.e.n.c.p.r.PdtbParser INFO  [main:133] - Done.
13:16:24.093 c.e.n.c.p.r.PdtbParser INFO  [main:135] - Running Explicit classifier...
13:16:24.100 c.e.n.c.p.r.PdtbParser INFO  [main:138] - Done.
13:16:24.103 c.e.n.c.p.r.PdtbParser INFO  [main:140] - Running NonExplicit classifier...
13:16:24.118 c.e.n.c.p.r.PdtbParser INFO  [main:143] - Done with everything. The PDTB relations for the file are in: /Users/liam/projects/discourse_simp/resources/pdtb-parser/temp/output/2.txt.pipe
13:16:24.118 c.e.n.c.p.r.PdtbParser INFO  [main:112] - Done 66.67%
13:16:24.118 c.e.n.c.p.r.PdtbParser INFO  [main:109] - Parsing file: temp/0.txt
13:16:24.118 s.e.n.c.p.u.Corpus INFO  [main:945] - Generating parse and dependecy trees with Stanford parser...
13:16:24.404 s.e.n.c.p.u.Corpus INFO  [main:951] - Generating tree for: 0.txt
13:16:24.406 s.e.n.c.p.u.Corpus INFO  [main:963] - Parsing line:0
13:16:24.430 s.e.n.c.p.u.Corpus INFO  [main:976] - Tree generation for 0.txt is done. Trees are in /Users/liam/projects/discourse_simp/resources/pdtb-parser/temp/output/0.txt
13:16:24.431 s.e.n.c.p.r.SpanTreeExtractor INFO  [main:144] - Generating the spans of each node in the parse trees.
13:16:24.432 s.e.n.c.p.r.SpanTreeExtractor INFO  [main:189] - Done.
13:16:24.433 c.e.n.c.p.r.PdtbParser INFO  [main:120] - Running the PDTB parser
13:16:24.433 c.e.n.c.p.r.PdtbParser INFO  [main:122] - Running connective classifier...
13:16:24.482 c.e.n.c.p.r.PdtbParser INFO  [main:124] - Done.
13:16:24.483 c.e.n.c.p.r.PdtbParser INFO  [main:126] - Running argument position classifier...
13:16:24.506 c.e.n.c.p.r.PdtbParser INFO  [main:128] - Done.
13:16:24.507 c.e.n.c.p.r.PdtbParser INFO  [main:130] - Running argument extractor classifier...
13:16:24.573 c.e.n.c.p.r.PdtbParser INFO  [main:133] - Done.
13:16:24.573 c.e.n.c.p.r.PdtbParser INFO  [main:135] - Running Explicit classifier...
13:16:24.581 c.e.n.c.p.r.PdtbParser INFO  [main:138] - Done.
13:16:24.584 c.e.n.c.p.r.PdtbParser INFO  [main:140] - Running NonExplicit classifier...
13:16:24.599 c.e.n.c.p.r.PdtbParser INFO  [main:143] - Done with everything. The PDTB relations for the file are in: /Users/liam/projects/discourse_simp/resources/pdtb-parser/temp/output/0.txt.pipe
13:16:24.600 c.e.n.c.p.r.PdtbParser INFO  [main:112] - Done 83.33%
13:16:24.600 c.e.n.c.p.r.PdtbParser INFO  [main:109] - Parsing file: temp/1.txt
13:16:24.600 s.e.n.c.p.u.Corpus INFO  [main:945] - Generating parse and dependecy trees with Stanford parser...
13:16:24.870 s.e.n.c.p.u.Corpus INFO  [main:951] - Generating tree for: 1.txt
13:16:24.871 s.e.n.c.p.u.Corpus INFO  [main:963] - Parsing line:0
13:16:24.995 s.e.n.c.p.u.Corpus INFO  [main:976] - Tree generation for 1.txt is done. Trees are in /Users/liam/projects/discourse_simp/resources/pdtb-parser/temp/output/1.txt
13:16:24.995 s.e.n.c.p.r.SpanTreeExtractor INFO  [main:144] - Generating the spans of each node in the parse trees.
13:16:24.997 s.e.n.c.p.r.SpanTreeExtractor INFO  [main:189] - Done.
13:16:24.997 c.e.n.c.p.r.PdtbParser INFO  [main:120] - Running the PDTB parser
13:16:24.997 c.e.n.c.p.r.PdtbParser INFO  [main:122] - Running connective classifier...
13:16:25.042 c.e.n.c.p.r.PdtbParser INFO  [main:124] - Done.
13:16:25.042 c.e.n.c.p.r.PdtbParser INFO  [main:126] - Running argument position classifier...
13:16:25.056 c.e.n.c.p.r.PdtbParser INFO  [main:128] - Done.
13:16:25.056 c.e.n.c.p.r.PdtbParser INFO  [main:130] - Running argument extractor classifier...
13:16:25.115 c.e.n.c.p.r.PdtbParser INFO  [main:133] - Done.
13:16:25.116 c.e.n.c.p.r.PdtbParser INFO  [main:135] - Running Explicit classifier...
13:16:25.123 c.e.n.c.p.r.PdtbParser INFO  [main:138] - Done.
13:16:25.125 c.e.n.c.p.r.PdtbParser INFO  [main:140] - Running NonExplicit classifier...
13:16:25.145 c.e.n.c.p.r.PdtbParser INFO  [main:143] - Done with everything. The PDTB relations for the file are in: /Users/liam/projects/discourse_simp/resources/pdtb-parser/temp/output/1.txt.pipe
13:16:25.145 c.e.n.c.p.r.PdtbParser INFO  [main:112] - Done 100.00%
13:17:30.297 s.e.n.c.p.u.NestedProperties INFO  [main:52] - Loading properties from: config.properties
13:17:30.300 s.e.n.c.p.u.NestedProperties INFO  [main:66] - PROD_RULES_FILE : aux_data/prod_rules.txt
13:17:30.300 s.e.n.c.p.u.NestedProperties INFO  [main:66] - DEP_RULES_FILE : aux_data/dep_rules.txt
13:17:30.300 s.e.n.c.p.u.NestedProperties INFO  [main:66] - MODEL_PATH : models/level_1/
13:17:30.300 s.e.n.c.p.u.NestedProperties INFO  [main:66] - OUTPUT_FOLDER_NAME : output/
13:17:30.300 s.e.n.c.p.u.NestedProperties INFO  [main:66] - WORD_PAIRS_FILE : aux_data/word_pair.txt
13:17:30.301 s.e.n.c.p.u.NestedProperties INFO  [main:66] - STANFORD_MODEL : aux_data/englishPCFG.ser.gz
13:17:30.301 s.e.n.c.p.u.NestedProperties INFO  [main:66] - SEMANTIC_LEVEL : 1
13:17:30.301 s.e.n.c.p.u.NestedProperties INFO  [main:69] - Done loading properties.
13:17:30.301 c.e.n.c.p.r.PdtbParser INFO  [main:76] - Working in temp
13:17:30.302 c.e.n.c.p.r.PdtbParser INFO  [main:102] - 
13:17:30.303 c.e.n.c.p.r.PdtbParser INFO  [main:103] - Files to process 0/7 - 0.00%
13:17:30.303 c.e.n.c.p.r.PdtbParser INFO  [main:109] - Parsing file: temp/5.txt
13:17:30.309 s.e.n.c.p.u.Corpus INFO  [main:945] - Generating parse and dependecy trees with Stanford parser...
13:17:30.811 s.e.n.c.p.u.Corpus INFO  [main:951] - Generating tree for: 5.txt
13:17:30.875 s.e.n.c.p.u.Corpus INFO  [main:963] - Parsing line:0
13:17:31.082 s.e.n.c.p.u.Corpus INFO  [main:976] - Tree generation for 5.txt is done. Trees are in /Users/liam/projects/discourse_simp/resources/pdtb-parser/temp/output/5.txt
13:17:31.084 s.e.n.c.p.r.SpanTreeExtractor INFO  [main:144] - Generating the spans of each node in the parse trees.
13:17:31.088 s.e.n.c.p.r.SpanTreeExtractor INFO  [main:189] - Done.
13:17:31.088 c.e.n.c.p.r.PdtbParser INFO  [main:120] - Running the PDTB parser
13:17:31.090 c.e.n.c.p.r.PdtbParser INFO  [main:122] - Running connective classifier...
13:17:31.340 c.e.n.c.p.r.PdtbParser INFO  [main:124] - Done.
13:17:31.340 c.e.n.c.p.r.PdtbParser INFO  [main:126] - Running argument position classifier...
13:17:31.388 c.e.n.c.p.r.PdtbParser INFO  [main:128] - Done.
13:17:31.391 c.e.n.c.p.r.PdtbParser INFO  [main:130] - Running argument extractor classifier...
13:17:31.470 c.e.n.c.p.r.PdtbParser INFO  [main:133] - Done.
13:17:31.471 c.e.n.c.p.r.PdtbParser INFO  [main:135] - Running Explicit classifier...
13:17:31.482 c.e.n.c.p.r.PdtbParser INFO  [main:138] - Done.
13:17:31.490 c.e.n.c.p.r.PdtbParser INFO  [main:140] - Running NonExplicit classifier...
13:17:31.532 c.e.n.c.p.r.PdtbParser INFO  [main:143] - Done with everything. The PDTB relations for the file are in: /Users/liam/projects/discourse_simp/resources/pdtb-parser/temp/output/5.txt.pipe
13:17:31.532 c.e.n.c.p.r.PdtbParser INFO  [main:112] - Done 14.29%
13:17:31.533 c.e.n.c.p.r.PdtbParser INFO  [main:109] - Parsing file: temp/4.txt
13:17:31.533 s.e.n.c.p.u.Corpus INFO  [main:945] - Generating parse and dependecy trees with Stanford parser...
13:17:31.802 s.e.n.c.p.u.Corpus INFO  [main:951] - Generating tree for: 4.txt
13:17:31.804 s.e.n.c.p.u.Corpus INFO  [main:963] - Parsing line:0
13:17:31.996 s.e.n.c.p.u.Corpus INFO  [main:976] - Tree generation for 4.txt is done. Trees are in /Users/liam/projects/discourse_simp/resources/pdtb-parser/temp/output/4.txt
13:17:31.996 s.e.n.c.p.r.SpanTreeExtractor INFO  [main:144] - Generating the spans of each node in the parse trees.
13:17:31.998 s.e.n.c.p.r.SpanTreeExtractor INFO  [main:189] - Done.
13:17:31.999 c.e.n.c.p.r.PdtbParser INFO  [main:120] - Running the PDTB parser
13:17:31.999 c.e.n.c.p.r.PdtbParser INFO  [main:122] - Running connective classifier...
13:17:32.101 c.e.n.c.p.r.PdtbParser INFO  [main:124] - Done.
13:17:32.102 c.e.n.c.p.r.PdtbParser INFO  [main:126] - Running argument position classifier...
13:17:32.116 c.e.n.c.p.r.PdtbParser INFO  [main:128] - Done.
13:17:32.116 c.e.n.c.p.r.PdtbParser INFO  [main:130] - Running argument extractor classifier...
13:17:32.183 c.e.n.c.p.r.PdtbParser INFO  [main:133] - Done.
13:17:32.183 c.e.n.c.p.r.PdtbParser INFO  [main:135] - Running Explicit classifier...
13:17:32.192 c.e.n.c.p.r.PdtbParser INFO  [main:138] - Done.
13:17:32.196 c.e.n.c.p.r.PdtbParser INFO  [main:140] - Running NonExplicit classifier...
13:17:32.241 c.e.n.c.p.r.PdtbParser INFO  [main:143] - Done with everything. The PDTB relations for the file are in: /Users/liam/projects/discourse_simp/resources/pdtb-parser/temp/output/4.txt.pipe
13:17:32.242 c.e.n.c.p.r.PdtbParser INFO  [main:112] - Done 28.57%
13:17:32.242 c.e.n.c.p.r.PdtbParser INFO  [main:109] - Parsing file: temp/6.txt
13:17:32.242 s.e.n.c.p.u.Corpus INFO  [main:945] - Generating parse and dependecy trees with Stanford parser...
13:17:32.500 s.e.n.c.p.u.Corpus INFO  [main:951] - Generating tree for: 6.txt
13:17:32.502 s.e.n.c.p.u.Corpus INFO  [main:963] - Parsing line:0
13:17:32.545 s.e.n.c.p.u.Corpus INFO  [main:976] - Tree generation for 6.txt is done. Trees are in /Users/liam/projects/discourse_simp/resources/pdtb-parser/temp/output/6.txt
13:17:32.545 s.e.n.c.p.r.SpanTreeExtractor INFO  [main:144] - Generating the spans of each node in the parse trees.
13:17:32.547 s.e.n.c.p.r.SpanTreeExtractor INFO  [main:189] - Done.
13:17:32.547 c.e.n.c.p.r.PdtbParser INFO  [main:120] - Running the PDTB parser
13:17:32.547 c.e.n.c.p.r.PdtbParser INFO  [main:122] - Running connective classifier...
13:17:32.603 c.e.n.c.p.r.PdtbParser INFO  [main:124] - Done.
13:17:32.604 c.e.n.c.p.r.PdtbParser INFO  [main:126] - Running argument position classifier...
13:17:32.621 c.e.n.c.p.r.PdtbParser INFO  [main:128] - Done.
13:17:32.622 c.e.n.c.p.r.PdtbParser INFO  [main:130] - Running argument extractor classifier...
13:17:32.697 c.e.n.c.p.r.PdtbParser INFO  [main:133] - Done.
13:17:32.697 c.e.n.c.p.r.PdtbParser INFO  [main:135] - Running Explicit classifier...
13:17:32.705 c.e.n.c.p.r.PdtbParser INFO  [main:138] - Done.
13:17:32.708 c.e.n.c.p.r.PdtbParser INFO  [main:140] - Running NonExplicit classifier...
13:17:32.729 c.e.n.c.p.r.PdtbParser INFO  [main:143] - Done with everything. The PDTB relations for the file are in: /Users/liam/projects/discourse_simp/resources/pdtb-parser/temp/output/6.txt.pipe
13:17:32.730 c.e.n.c.p.r.PdtbParser INFO  [main:112] - Done 42.86%
13:17:32.730 c.e.n.c.p.r.PdtbParser INFO  [main:109] - Parsing file: temp/3.txt
13:17:32.730 s.e.n.c.p.u.Corpus INFO  [main:945] - Generating parse and dependecy trees with Stanford parser...
13:17:32.986 s.e.n.c.p.u.Corpus INFO  [main:951] - Generating tree for: 3.txt
13:17:32.987 s.e.n.c.p.u.Corpus INFO  [main:963] - Parsing line:0
13:17:33.022 s.e.n.c.p.u.Corpus INFO  [main:976] - Tree generation for 3.txt is done. Trees are in /Users/liam/projects/discourse_simp/resources/pdtb-parser/temp/output/3.txt
13:17:33.023 s.e.n.c.p.r.SpanTreeExtractor INFO  [main:144] - Generating the spans of each node in the parse trees.
13:17:33.025 s.e.n.c.p.r.SpanTreeExtractor INFO  [main:189] - Done.
13:17:33.025 c.e.n.c.p.r.PdtbParser INFO  [main:120] - Running the PDTB parser
13:17:33.025 c.e.n.c.p.r.PdtbParser INFO  [main:122] - Running connective classifier...
13:17:33.070 c.e.n.c.p.r.PdtbParser INFO  [main:124] - Done.
13:17:33.070 c.e.n.c.p.r.PdtbParser INFO  [main:126] - Running argument position classifier...
13:17:33.087 c.e.n.c.p.r.PdtbParser INFO  [main:128] - Done.
13:17:33.087 c.e.n.c.p.r.PdtbParser INFO  [main:130] - Running argument extractor classifier...
13:17:33.143 c.e.n.c.p.r.PdtbParser INFO  [main:133] - Done.
13:17:33.144 c.e.n.c.p.r.PdtbParser INFO  [main:135] - Running Explicit classifier...
13:17:33.149 c.e.n.c.p.r.PdtbParser INFO  [main:138] - Done.
13:17:33.152 c.e.n.c.p.r.PdtbParser INFO  [main:140] - Running NonExplicit classifier...
13:17:33.189 c.e.n.c.p.r.PdtbParser INFO  [main:143] - Done with everything. The PDTB relations for the file are in: /Users/liam/projects/discourse_simp/resources/pdtb-parser/temp/output/3.txt.pipe
13:17:33.190 c.e.n.c.p.r.PdtbParser INFO  [main:112] - Done 57.14%
13:17:33.190 c.e.n.c.p.r.PdtbParser INFO  [main:109] - Parsing file: temp/2.txt
13:17:33.190 s.e.n.c.p.u.Corpus INFO  [main:945] - Generating parse and dependecy trees with Stanford parser...
13:17:33.389 s.e.n.c.p.u.Corpus INFO  [main:951] - Generating tree for: 2.txt
13:17:33.390 s.e.n.c.p.u.Corpus INFO  [main:963] - Parsing line:0
13:17:33.423 s.e.n.c.p.u.Corpus INFO  [main:976] - Tree generation for 2.txt is done. Trees are in /Users/liam/projects/discourse_simp/resources/pdtb-parser/temp/output/2.txt
13:17:33.423 s.e.n.c.p.r.SpanTreeExtractor INFO  [main:144] - Generating the spans of each node in the parse trees.
13:17:33.424 s.e.n.c.p.r.SpanTreeExtractor INFO  [main:189] - Done.
13:17:33.425 c.e.n.c.p.r.PdtbParser INFO  [main:120] - Running the PDTB parser
13:17:33.425 c.e.n.c.p.r.PdtbParser INFO  [main:122] - Running connective classifier...
13:17:33.473 c.e.n.c.p.r.PdtbParser INFO  [main:124] - Done.
13:17:33.473 c.e.n.c.p.r.PdtbParser INFO  [main:126] - Running argument position classifier...
13:17:33.489 c.e.n.c.p.r.PdtbParser INFO  [main:128] - Done.
13:17:33.489 c.e.n.c.p.r.PdtbParser INFO  [main:130] - Running argument extractor classifier...
13:17:33.606 c.e.n.c.p.r.PdtbParser INFO  [main:133] - Done.
13:17:33.607 c.e.n.c.p.r.PdtbParser INFO  [main:135] - Running Explicit classifier...
13:17:33.615 c.e.n.c.p.r.PdtbParser INFO  [main:138] - Done.
13:17:33.623 c.e.n.c.p.r.PdtbParser INFO  [main:140] - Running NonExplicit classifier...
13:17:33.649 c.e.n.c.p.r.PdtbParser INFO  [main:143] - Done with everything. The PDTB relations for the file are in: /Users/liam/projects/discourse_simp/resources/pdtb-parser/temp/output/2.txt.pipe
13:17:33.649 c.e.n.c.p.r.PdtbParser INFO  [main:112] - Done 71.43%
13:17:33.649 c.e.n.c.p.r.PdtbParser INFO  [main:109] - Parsing file: temp/0.txt
13:17:33.649 s.e.n.c.p.u.Corpus INFO  [main:945] - Generating parse and dependecy trees with Stanford parser...
13:17:33.895 s.e.n.c.p.u.Corpus INFO  [main:951] - Generating tree for: 0.txt
13:17:33.896 s.e.n.c.p.u.Corpus INFO  [main:963] - Parsing line:0
13:17:33.932 s.e.n.c.p.u.Corpus INFO  [main:976] - Tree generation for 0.txt is done. Trees are in /Users/liam/projects/discourse_simp/resources/pdtb-parser/temp/output/0.txt
13:17:33.932 s.e.n.c.p.r.SpanTreeExtractor INFO  [main:144] - Generating the spans of each node in the parse trees.
13:17:33.934 s.e.n.c.p.r.SpanTreeExtractor INFO  [main:189] - Done.
13:17:33.934 c.e.n.c.p.r.PdtbParser INFO  [main:120] - Running the PDTB parser
13:17:33.934 c.e.n.c.p.r.PdtbParser INFO  [main:122] - Running connective classifier...
13:17:34.005 c.e.n.c.p.r.PdtbParser INFO  [main:124] - Done.
13:17:34.005 c.e.n.c.p.r.PdtbParser INFO  [main:126] - Running argument position classifier...
13:17:34.025 c.e.n.c.p.r.PdtbParser INFO  [main:128] - Done.
13:17:34.025 c.e.n.c.p.r.PdtbParser INFO  [main:130] - Running argument extractor classifier...
13:17:34.153 c.e.n.c.p.r.PdtbParser INFO  [main:133] - Done.
13:17:34.153 c.e.n.c.p.r.PdtbParser INFO  [main:135] - Running Explicit classifier...
13:17:34.159 c.e.n.c.p.r.PdtbParser INFO  [main:138] - Done.
13:17:34.161 c.e.n.c.p.r.PdtbParser INFO  [main:140] - Running NonExplicit classifier...
13:17:34.175 c.e.n.c.p.r.PdtbParser INFO  [main:143] - Done with everything. The PDTB relations for the file are in: /Users/liam/projects/discourse_simp/resources/pdtb-parser/temp/output/0.txt.pipe
13:17:34.176 c.e.n.c.p.r.PdtbParser INFO  [main:112] - Done 85.71%
13:17:34.177 c.e.n.c.p.r.PdtbParser INFO  [main:109] - Parsing file: temp/1.txt
13:17:34.177 s.e.n.c.p.u.Corpus INFO  [main:945] - Generating parse and dependecy trees with Stanford parser...
13:17:34.378 s.e.n.c.p.u.Corpus INFO  [main:951] - Generating tree for: 1.txt
13:17:34.379 s.e.n.c.p.u.Corpus INFO  [main:963] - Parsing line:0
13:17:34.523 s.e.n.c.p.u.Corpus INFO  [main:976] - Tree generation for 1.txt is done. Trees are in /Users/liam/projects/discourse_simp/resources/pdtb-parser/temp/output/1.txt
13:17:34.523 s.e.n.c.p.r.SpanTreeExtractor INFO  [main:144] - Generating the spans of each node in the parse trees.
13:17:34.525 s.e.n.c.p.r.SpanTreeExtractor INFO  [main:189] - Done.
13:17:34.525 c.e.n.c.p.r.PdtbParser INFO  [main:120] - Running the PDTB parser
13:17:34.525 c.e.n.c.p.r.PdtbParser INFO  [main:122] - Running connective classifier...
13:17:34.574 c.e.n.c.p.r.PdtbParser INFO  [main:124] - Done.
13:17:34.575 c.e.n.c.p.r.PdtbParser INFO  [main:126] - Running argument position classifier...
13:17:34.593 c.e.n.c.p.r.PdtbParser INFO  [main:128] - Done.
13:17:34.593 c.e.n.c.p.r.PdtbParser INFO  [main:130] - Running argument extractor classifier...
13:17:34.667 c.e.n.c.p.r.PdtbParser INFO  [main:133] - Done.
13:17:34.668 c.e.n.c.p.r.PdtbParser INFO  [main:135] - Running Explicit classifier...
13:17:34.678 c.e.n.c.p.r.PdtbParser INFO  [main:138] - Done.
13:17:34.683 c.e.n.c.p.r.PdtbParser INFO  [main:140] - Running NonExplicit classifier...
13:17:34.710 c.e.n.c.p.r.PdtbParser INFO  [main:143] - Done with everything. The PDTB relations for the file are in: /Users/liam/projects/discourse_simp/resources/pdtb-parser/temp/output/1.txt.pipe
13:17:34.711 c.e.n.c.p.r.PdtbParser INFO  [main:112] - Done 100.00%
